Watching for file changes with StatReloader
Waiting for apps ready_event.
Apps ready_event triggered. Sending autoreload_started signal.
Watching dir /home/kali/Documents/group/mictseta_recruitment_system/authenticate/templates with glob **/*.
Watching dir /home/kali/Documents/group/mictseta_recruitment_system/locale with glob **/*.mo.
Watching dir /home/kali/Documents/group/mictseta_recruitment_system/authenticate/locale with glob **/*.mo.
File /usr/lib/python3/dist-packages/django/utils/termcolors.py first seen with mtime 1709537923.0
File /usr/lib/python3.11/ast.py first seen with mtime 1707342728.0
File /usr/lib/python3/dist-packages/django/db/migrations/operations/__init__.py first seen with mtime 1709537923.0
File /usr/lib/python3/dist-packages/django/db/backends/sqlite3/client.py first seen with mtime 1709537923.0
File /etc/python3.11/sitecustomize.py first seen with mtime 1707342728.0
File /usr/lib/python3.11/asyncio/constants.py first seen with mtime 1707342728.0
File /usr/lib/python3/dist-packages/django/db/models/enums.py first seen with mtime 1709538198.0
File /usr/lib/python3.11/lib-dynload/_asyncio.cpython-311-aarch64-linux-gnu.so first seen with mtime 1707342728.0
File /usr/lib/python3/dist-packages/cryptography/hazmat/primitives/__init__.py first seen with mtime 1710886550.0
File /usr/lib/python3.11/asyncio/selector_events.py first seen with mtime 1707342728.0
File /usr/lib/python3/dist-packages/django/apps/registry.py first seen with mtime 1709538198.0
File /usr/lib/python3/dist-packages/django/db/migrations/exceptions.py first seen with mtime 1709537923.0
File /usr/lib/python3/dist-packages/django/utils/__init__.py first seen with mtime 1607634634.0
File /usr/lib/python3.11/encodings/aliases.py first seen with mtime 1707342728.0
File /usr/lib/python3/dist-packages/django/utils/translation/reloader.py first seen with mtime 1709537923.0
File /usr/lib/python3.11/lib-dynload/_zoneinfo.cpython-311-aarch64-linux-gnu.so first seen with mtime 1707342728.0
File /usr/lib/python3/dist-packages/django/template/loader_tags.py first seen with mtime 1709538198.0
File /usr/lib/python3/dist-packages/django/shortcuts.py first seen with mtime 1709538198.0
File /usr/lib/python3/dist-packages/django/views/decorators/csrf.py first seen with mtime 1709538198.0
File /usr/lib/python3/dist-packages/django/core/files/uploadedfile.py first seen with mtime 1709537923.0
File /usr/lib/python3/dist-packages/django/template/loaders/app_directories.py first seen with mtime 1709537923.0
File /usr/lib/python3.11/string.py first seen with mtime 1707342728.0
File /usr/lib/python3/dist-packages/django/db/models/sql/__init__.py first seen with mtime 1709537923.0
File /usr/lib/python3/dist-packages/django/urls/resolvers.py first seen with mtime 1709538198.0
File /usr/lib/python3.11/asyncio/format_helpers.py first seen with mtime 1707342728.0
File /usr/lib/python3/dist-packages/django/contrib/staticfiles/__init__.py first seen with mtime 1656915121.0
File /usr/lib/python3.11/wsgiref/simple_server.py first seen with mtime 1707342728.0
File /usr/lib/python3.11/functools.py first seen with mtime 1707342728.0
File /usr/lib/python3/dist-packages/pymysql/err.py first seen with mtime 1710143863.0
File /usr/lib/python3/dist-packages/django/template/exceptions.py first seen with mtime 1709537923.0
File /usr/lib/python3.11/urllib/__init__.py first seen with mtime 1707342728.0
File /home/kali/Documents/group/mictseta_recruitment_system/authenticate/forms.py first seen with mtime 1717456842.008885
File /usr/lib/python3.11/concurrent/futures/__init__.py first seen with mtime 1707342728.0
File /usr/lib/python3/dist-packages/django/db/backends/sqlite3/operations.py first seen with mtime 1709538198.0
File /usr/lib/python3/dist-packages/django/utils/text.py first seen with mtime 1709538198.0
File /usr/lib/python3/dist-packages/django/contrib/admin/templatetags/admin_list.py first seen with mtime 1709538198.0
File /usr/lib/python3/dist-packages/django/contrib/admin/utils.py first seen with mtime 1709538198.0
File /usr/lib/python3.11/sysconfig.py first seen with mtime 1707342728.0
File /usr/lib/python3.11/logging/config.py first seen with mtime 1707342728.0
File /usr/lib/python3/dist-packages/django/db/models/manager.py first seen with mtime 1709537923.0
File /usr/lib/python3/dist-packages/django/forms/widgets.py first seen with mtime 1709538198.0
File /usr/lib/python3.11/quopri.py first seen with mtime 1707342728.0
File /usr/lib/python3/dist-packages/django/db/backends/signals.py first seen with mtime 1656915121.0
File /usr/lib/python3/dist-packages/django/db/backends/base/client.py first seen with mtime 1709537923.0
File /usr/lib/python3/dist-packages/django/contrib/admin/__init__.py first seen with mtime 1709538198.0
File /usr/lib/python3/dist-packages/django/contrib/staticfiles/management/__init__.py first seen with mtime 1656915121.0
File /usr/lib/python3.11/email/mime/text.py first seen with mtime 1707342728.0
File /home/kali/Documents/group/mictseta_recruitment_system/authenticate/__init__.py first seen with mtime 1717435011.544097
File /usr/lib/python3/dist-packages/django/utils/log.py first seen with mtime 1709537923.0
File /usr/lib/python3.11/email/headerregistry.py first seen with mtime 1707342728.0
File /usr/lib/python3/dist-packages/django/forms/utils.py first seen with mtime 1709538198.0
File /usr/lib/python3/dist-packages/cryptography/utils.py first seen with mtime 1710886550.0
File /home/kali/Documents/group/mictseta_recruitment_system/authenticate/admin.py first seen with mtime 1717435011.548097
File /usr/lib/python3.11/linecache.py first seen with mtime 1707342728.0
File /usr/lib/python3/dist-packages/django/db/migrations/__init__.py first seen with mtime 1607634634.0
File /usr/lib/python3/dist-packages/django/db/models/fields/related_lookups.py first seen with mtime 1709538198.0
File /usr/lib/python3/dist-packages/django/template/library.py first seen with mtime 1709537923.0
File /usr/lib/python3/dist-packages/django/forms/models.py first seen with mtime 1709538198.0
File /usr/lib/python3.11/email/_policybase.py first seen with mtime 1707342728.0
File /usr/lib/python3/dist-packages/cryptography/hazmat/primitives/asymmetric/ec.py first seen with mtime 1710886550.0
File /usr/lib/python3/dist-packages/django/contrib/auth/management/__init__.py first seen with mtime 1709538198.0
File /usr/lib/python3/dist-packages/sqlparse/filters/reindent.py first seen with mtime 1704579665.0
File /usr/lib/python3/dist-packages/django/utils/itercompat.py first seen with mtime 1709536939.0
File /usr/lib/python3.11/ssl.py first seen with mtime 1707342728.0
File /usr/lib/python3/dist-packages/django/templatetags/cache.py first seen with mtime 1709538198.0
File /usr/lib/python3/dist-packages/cryptography/__init__.py first seen with mtime 1710886550.0
File /usr/lib/python3/dist-packages/django/utils/connection.py first seen with mtime 1709537923.0
File /usr/lib/python3/dist-packages/django/utils/asyncio.py first seen with mtime 1709538198.0
File /usr/lib/python3/dist-packages/sqlparse/filters/right_margin.py first seen with mtime 1704579665.0
File /usr/lib/python3.11/lib-dynload/_sqlite3.cpython-311-aarch64-linux-gnu.so first seen with mtime 1707342728.0
File /usr/lib/python3/dist-packages/django/core/checks/caches.py first seen with mtime 1709537923.0
File /home/kali/Documents/group/mictseta_recruitment_system/authenticate/urls.py first seen with mtime 1717454635.470079
File /usr/lib/python3.11/zoneinfo/_tzpath.py first seen with mtime 1707342728.0
File /usr/lib/python3/dist-packages/django/core/serializers/base.py first seen with mtime 1709538198.0
File /usr/lib/python3/dist-packages/mpl_toolkits/__init__.py first seen with mtime 1673476167.0
File /usr/lib/python3/dist-packages/django/core/files/images.py first seen with mtime 1709538198.0
File /usr/lib/python3.11/asyncio/streams.py first seen with mtime 1707342728.0
File /usr/lib/python3/dist-packages/cryptography/hazmat/primitives/hashes.py first seen with mtime 1710886550.0
File /usr/lib/python3/dist-packages/django/db/backends/base/operations.py first seen with mtime 1709538198.0
File /usr/lib/python3/dist-packages/django/core/checks/security/csrf.py first seen with mtime 1709537923.0
File /usr/lib/python3/dist-packages/cryptography/__about__.py first seen with mtime 1710886550.0
File /usr/lib/python3.11/glob.py first seen with mtime 1707342728.0
File /usr/lib/python3/dist-packages/django/core/management/commands/runserver.py first seen with mtime 1709537923.0
File /usr/lib/python3/dist-packages/django/core/checks/messages.py first seen with mtime 1709537923.0
File /usr/lib/python3.11/traceback.py first seen with mtime 1707342728.0
File /home/kali/Documents/group/mictseta_recruitment_system/authenticate/data_validator.py first seen with mtime 1717458867.367608
File /usr/lib/python3.11/asyncio/mixins.py first seen with mtime 1707342728.0
File /usr/lib/python3/dist-packages/django/contrib/messages/storage/__init__.py first seen with mtime 1607634631.0
File /usr/lib/python3/dist-packages/django/db/backends/base/base.py first seen with mtime 1709538198.0
File /usr/lib/python3.11/email/charset.py first seen with mtime 1707342728.0
File /usr/lib/python3/dist-packages/django/core/mail/utils.py first seen with mtime 1709537923.0
File /usr/lib/python3/dist-packages/django/template/engine.py first seen with mtime 1709538198.0
File /usr/lib/python3/dist-packages/_distutils_hack/__init__.py first seen with mtime 1692360458.0
File /usr/lib/python3.11/locale.py first seen with mtime 1707342728.0
File /usr/lib/python3.11/random.py first seen with mtime 1707342728.0
File /usr/lib/python3/dist-packages/colorama/winterm.py first seen with mtime 1693469188.0
File /usr/lib/python3/dist-packages/django/contrib/sites/__init__.py first seen with mtime 1656915121.0
File /usr/lib/python3/dist-packages/django/db/migrations/operations/base.py first seen with mtime 1709537923.0
File /usr/lib/python3/dist-packages/django/contrib/sessions/models.py first seen with mtime 1709537923.0
File /usr/lib/python3/dist-packages/django/template/backends/django.py first seen with mtime 1709538198.0
File /usr/lib/python3/dist-packages/django/core/mail/__init__.py first seen with mtime 1709538198.0
File /usr/lib/python3.11/hmac.py first seen with mtime 1707342728.0
File /usr/lib/python3.11/html/entities.py first seen with mtime 1707342728.0
File /usr/lib/python3/dist-packages/django/urls/converters.py first seen with mtime 1709538198.0
File /usr/lib/python3/dist-packages/django/contrib/staticfiles/handlers.py first seen with mtime 1709538198.0
File /usr/lib/python3.11/ctypes/_endian.py first seen with mtime 1707342728.0
File /usr/lib/python3.11/asyncio/protocols.py first seen with mtime 1707342728.0
File /usr/lib/python3/dist-packages/django/core/handlers/__init__.py first seen with mtime 1607634634.0
File /usr/lib/python3/dist-packages/django/db/migrations/operations/fields.py first seen with mtime 1709538198.0
File /usr/lib/python3/dist-packages/django/db/models/lookups.py first seen with mtime 1709538198.0
File /usr/lib/python3.11/keyword.py first seen with mtime 1707342728.0
File /usr/lib/python3/dist-packages/django/contrib/sessions/apps.py first seen with mtime 1709537923.0
File /usr/lib/python3/dist-packages/django/db/models/functions/datetime.py first seen with mtime 1709538198.0
File /usr/lib/python3/dist-packages/django/contrib/contenttypes/management/__init__.py first seen with mtime 1709537923.0
File /usr/lib/python3.11/http/server.py first seen with mtime 1707342728.0
File /usr/lib/python3.11/asyncio/trsock.py first seen with mtime 1707342728.0
File /usr/lib/python3.11/concurrent/futures/_base.py first seen with mtime 1707342728.0
File /usr/lib/python3/dist-packages/django/contrib/staticfiles/finders.py first seen with mtime 1709538198.0
File /usr/lib/python3.11/email/feedparser.py first seen with mtime 1707342728.0
File /usr/lib/python3/dist-packages/django/templatetags/__init__.py first seen with mtime 1607634634.0
File /usr/lib/python3/dist-packages/django/core/signing.py first seen with mtime 1709537923.0
File /usr/lib/python3.11/bz2.py first seen with mtime 1707342728.0
File /usr/lib/python3.11/contextlib.py first seen with mtime 1707342728.0
File /usr/lib/python3/dist-packages/colorama/initialise.py first seen with mtime 1693469188.0
File /usr/lib/python3.11/mimetypes.py first seen with mtime 1707342728.0
File /usr/lib/python3/dist-packages/django/db/models/fields/json.py first seen with mtime 1709537923.0
File /usr/lib/python3/dist-packages/cryptography/hazmat/primitives/asymmetric/ed25519.py first seen with mtime 1710886550.0
File /usr/lib/python3.11/asyncio/threads.py first seen with mtime 1707342728.0
File /usr/lib/python3/dist-packages/django/contrib/auth/password_validation.py first seen with mtime 1709538198.0
File /usr/lib/python3.11/asyncio/unix_events.py first seen with mtime 1707342728.0
File /usr/lib/python3/dist-packages/django/template/defaulttags.py first seen with mtime 1709538198.0
File /usr/lib/python3.11/multiprocessing/reduction.py first seen with mtime 1707342728.0
File /usr/lib/python3.11/operator.py first seen with mtime 1707342728.0
File /usr/lib/python3/dist-packages/django/db/backends/sqlite3/creation.py first seen with mtime 1709538198.0
File /usr/lib/python3/dist-packages/django/views/decorators/cache.py first seen with mtime 1709538198.0
File /usr/lib/python3/dist-packages/django/core/servers/basehttp.py first seen with mtime 1709537923.0
File /usr/lib/python3/dist-packages/sqlparse/engine/__init__.py first seen with mtime 1704579665.0
File /usr/lib/python3/dist-packages/django/contrib/staticfiles/views.py first seen with mtime 1709538198.0
File /usr/lib/python3/dist-packages/sqlparse/exceptions.py first seen with mtime 1704579665.0
File /usr/lib/python3/dist-packages/django/http/response.py first seen with mtime 1709538198.0
File /usr/lib/python3.11/collections/abc.py first seen with mtime 1707342728.0
File /usr/lib/python3/dist-packages/asgiref/sync.py first seen with mtime 1711302945.0
File /usr/lib/python3/dist-packages/colorama/ansitowin32.py first seen with mtime 1693469188.0
File /usr/lib/python3/dist-packages/django/db/models/query.py first seen with mtime 1709538198.0
File /usr/lib/python3.11/asyncio/timeouts.py first seen with mtime 1707342728.0
File /usr/lib/python3/dist-packages/django/views/debug.py first seen with mtime 1709538198.0
File /usr/lib/python3/dist-packages/django/core/wsgi.py first seen with mtime 1607634634.0
File /usr/lib/python3/dist-packages/sqlparse/tokens.py first seen with mtime 1704579665.0
File /usr/lib/python3.11/_compat_pickle.py first seen with mtime 1707342728.0
File /usr/lib/python3.11/decimal.py first seen with mtime 1707342728.0
File /usr/lib/python3.11/email/parser.py first seen with mtime 1707342728.0
File /usr/lib/python3/dist-packages/django/utils/version.py first seen with mtime 1709537923.0
File /usr/lib/python3.11/wsgiref/headers.py first seen with mtime 1707342728.0
File /usr/lib/python3.11/wsgiref/handlers.py first seen with mtime 1707342728.0
File /usr/lib/python3.11/getpass.py first seen with mtime 1707342728.0
(0.004) 
            SELECT name, type FROM sqlite_master
            WHERE type in ('table', 'view') AND NOT name='sqlite_sequence'
            ORDER BY name; args=None; alias=default
File /usr/lib/python3.11/email/mime/multipart.py first seen with mtime 1707342728.0
File /usr/lib/python3.11/lzma.py first seen with mtime 1707342728.0
File /usr/lib/python3/dist-packages/django/__init__.py first seen with mtime 1709538208.0
File /usr/lib/python3/dist-packages/cryptography/hazmat/primitives/_cipheralgorithm.py first seen with mtime 1710886550.0
File /usr/lib/python3/dist-packages/django/core/checks/compatibility/django_4_0.py first seen with mtime 1709537923.0
File /usr/lib/python3.11/http/cookies.py first seen with mtime 1707342728.0
File /usr/lib/python3.11/re/_casefix.py first seen with mtime 1707342728.0
File /usr/lib/python3.11/fractions.py first seen with mtime 1707342728.0
File /usr/lib/python3/dist-packages/django/core/checks/database.py first seen with mtime 1656915121.0
File /usr/lib/python3/dist-packages/sqlparse/cli.py first seen with mtime 1704579665.0
File /usr/lib/python3/dist-packages/django/db/utils.py first seen with mtime 1709537923.0
File /usr/lib/python3/dist-packages/sqlparse/filters/output.py first seen with mtime 1704579665.0
File /usr/lib/python3/dist-packages/django/template/backends/__init__.py first seen with mtime 1607634634.0
File /usr/lib/python3/dist-packages/django/conf/__init__.py first seen with mtime 1709538198.0
File /usr/lib/python3/dist-packages/django/db/backends/base/creation.py first seen with mtime 1709538198.0
File /usr/lib/python3/dist-packages/pymysql/constants/ER.py first seen with mtime 1710143863.0
File /usr/lib/python3/dist-packages/django/contrib/contenttypes/views.py first seen with mtime 1709537923.0
File /usr/lib/python3.11/email/_header_value_parser.py first seen with mtime 1707342728.0
File /usr/lib/python3/dist-packages/django/db/models/fields/proxy.py first seen with mtime 1709537923.0
File /usr/lib/python3/dist-packages/django/contrib/auth/models.py first seen with mtime 1709537923.0
File /usr/lib/python3/dist-packages/django/contrib/messages/storage/base.py first seen with mtime 1709538198.0
File /usr/lib/python3/dist-packages/django/db/models/functions/__init__.py first seen with mtime 1709537923.0
File /usr/lib/python3/dist-packages/pymysql/protocol.py first seen with mtime 1710143863.0
File /usr/lib/python3.11/asyncio/base_futures.py first seen with mtime 1707342728.0
File /usr/lib/python3/dist-packages/django/contrib/auth/apps.py first seen with mtime 1709537923.0
(0.001) SELECT "django_migrations"."id", "django_migrations"."app", "django_migrations"."name", "django_migrations"."applied" FROM "django_migrations"; args=(); alias=default
File /usr/lib/python3/dist-packages/django/urls/conf.py first seen with mtime 1709538198.0
File /usr/lib/python3/dist-packages/django/views/generic/dates.py first seen with mtime 1709537923.0
File /usr/lib/python3.11/datetime.py first seen with mtime 1707342728.0
File /usr/lib/python3.11/asyncio/runners.py first seen with mtime 1707342728.0
File /usr/lib/python3/dist-packages/django/urls/utils.py first seen with mtime 1709538198.0
File /usr/lib/python3/dist-packages/django/views/decorators/__init__.py first seen with mtime 1607634634.0
File /usr/lib/python3/dist-packages/django/core/checks/model_checks.py first seen with mtime 1709537923.0
File /usr/lib/python3/dist-packages/pymysql/constants/SERVER_STATUS.py first seen with mtime 1710143863.0
File /usr/lib/python3/dist-packages/cryptography/hazmat/bindings/_rust.cpython-311-aarch64-linux-gnu.so first seen with mtime 1710886550.0
File /usr/lib/python3/dist-packages/django/dispatch/dispatcher.py first seen with mtime 1709538198.0
File /usr/lib/python3.11/collections/__init__.py first seen with mtime 1707342728.0
File /usr/lib/python3/dist-packages/django/db/models/functions/mixins.py first seen with mtime 1709538198.0
File /usr/lib/python3/dist-packages/asgiref/local.py first seen with mtime 1711302945.0
File /usr/lib/python3/dist-packages/django/core/handlers/base.py first seen with mtime 1709537923.0
File /home/kali/Documents/group/mictseta_recruitment_system/mictseta_recruitment_system/settings.py first seen with mtime 1717459138.1501832
File /usr/lib/python3/dist-packages/django/contrib/admin/exceptions.py first seen with mtime 1709538198.0
File /usr/lib/python3/dist-packages/django/utils/regex_helper.py first seen with mtime 1709538198.0
File /usr/lib/python3/dist-packages/cryptography/hazmat/primitives/ciphers/__init__.py first seen with mtime 1710886550.0
File /usr/lib/python3.11/difflib.py first seen with mtime 1707342728.0
File /usr/lib/python3.11/email/contentmanager.py first seen with mtime 1707342728.0
File /usr/lib/python3/dist-packages/pymysql/constants/__init__.py first seen with mtime 1710143863.0
File /usr/lib/python3.11/contextvars.py first seen with mtime 1707342728.0
File /usr/lib/python3.11/pprint.py first seen with mtime 1707342728.0
File /usr/lib/python3/dist-packages/django/core/checks/translation.py first seen with mtime 1709537923.0
File /usr/lib/python3/dist-packages/cryptography/hazmat/backends/__init__.py first seen with mtime 1710886550.0
File /usr/lib/python3.11/asyncio/exceptions.py first seen with mtime 1707342728.0
File /home/kali/Documents/group/mictseta_recruitment_system/manage.py first seen with mtime 1717435011.5560968
File /usr/lib/python3/dist-packages/django/views/generic/__init__.py first seen with mtime 1709537923.0
File /usr/lib/python3/dist-packages/cryptography/exceptions.py first seen with mtime 1710886550.0
File /usr/lib/python3.11/email/quoprimime.py first seen with mtime 1707342728.0
File /usr/lib/python3/dist-packages/django/http/request.py first seen with mtime 1709538198.0
File /usr/lib/python3/dist-packages/django/utils/decorators.py first seen with mtime 1709538198.0
File /usr/lib/python3/dist-packages/django/apps/config.py first seen with mtime 1709537923.0
File /usr/lib/python3/dist-packages/django/core/management/__init__.py first seen with mtime 1709538198.0
File /usr/lib/python3/dist-packages/django/http/cookie.py first seen with mtime 1709537923.0
File /usr/lib/python3/dist-packages/django/views/generic/list.py first seen with mtime 1709537923.0
File /usr/lib/python3/dist-packages/pymysql/charset.py first seen with mtime 1710143863.0
File /usr/lib/python3/dist-packages/django/utils/inspect.py first seen with mtime 1709537923.0
File /usr/lib/python3/dist-packages/django/forms/forms.py first seen with mtime 1709538198.0
File /usr/lib/python3/dist-packages/django/template/defaultfilters.py first seen with mtime 1709538198.0
File /usr/lib/python3/dist-packages/django/views/i18n.py first seen with mtime 1709538198.0
File /usr/lib/python3/dist-packages/pymysql/constants/FIELD_TYPE.py first seen with mtime 1710143863.0
File /usr/lib/python3/dist-packages/django/core/checks/security/sessions.py first seen with mtime 1709537923.0
File /usr/lib/python3/dist-packages/django/core/files/storage/mixins.py first seen with mtime 1709537923.0
File /usr/lib/python3.11/copyreg.py first seen with mtime 1707342728.0
File /usr/lib/python3/dist-packages/pymysql/_auth.py first seen with mtime 1710143863.0
File /usr/lib/python3/dist-packages/pymysql/constants/COMMAND.py first seen with mtime 1710143863.0
File /usr/lib/python3/dist-packages/django/template/context.py first seen with mtime 1709538198.0
File /usr/lib/python3.11/inspect.py first seen with mtime 1707342728.0
File /usr/lib/python3/dist-packages/django/core/checks/security/__init__.py first seen with mtime 1607634634.0
File /usr/lib/python3/dist-packages/django/db/migrations/operations/special.py first seen with mtime 1709537923.0
File /usr/lib/python3.11/email/_parseaddr.py first seen with mtime 1707342728.0
File /usr/lib/python3.11/email/generator.py first seen with mtime 1707342728.0
File /usr/lib/python3/dist-packages/django/contrib/__init__.py first seen with mtime 1607634615.0
File /usr/lib/python3/dist-packages/asgiref/current_thread_executor.py first seen with mtime 1711302945.0
File /usr/lib/python3.11/asyncio/__init__.py first seen with mtime 1707342728.0
File /usr/lib/python3/dist-packages/django/contrib/admin/decorators.py first seen with mtime 1709537923.0
File /usr/lib/python3/dist-packages/django/db/backends/sqlite3/_functions.py first seen with mtime 1709538198.0
File /usr/lib/python3/dist-packages/django/forms/__init__.py first seen with mtime 1607634634.0
File /usr/lib/python3/dist-packages/django/contrib/staticfiles/apps.py first seen with mtime 1709538198.0
File /usr/lib/python3/dist-packages/django/middleware/csrf.py first seen with mtime 1709538198.0
File /usr/lib/python3/dist-packages/django/core/serializers/python.py first seen with mtime 1709537923.0
File /usr/lib/python3.11/selectors.py first seen with mtime 1707342728.0
File /usr/lib/python3/dist-packages/django/template/backends/base.py first seen with mtime 1709537923.0
File /usr/lib/python3.11/lib-dynload/_ssl.cpython-311-aarch64-linux-gnu.so first seen with mtime 1707342728.0
File /usr/lib/python3.11/configparser.py first seen with mtime 1707342728.0
File /usr/lib/python3.11/fnmatch.py first seen with mtime 1707342728.0
File /usr/lib/python3.11/statistics.py first seen with mtime 1707342728.0
File /usr/lib/python3.11/warnings.py first seen with mtime 1707342728.0
File /usr/lib/python3/dist-packages/django/contrib/sites/requests.py first seen with mtime 1709537923.0
File /usr/lib/python3/dist-packages/cryptography/hazmat/primitives/asymmetric/padding.py first seen with mtime 1710886550.0
File /usr/lib/python3.11/typing.py first seen with mtime 1707342728.0
File /usr/lib/python3/dist-packages/django/db/models/sql/query.py first seen with mtime 1709538198.0
File /usr/lib/python3/dist-packages/django/contrib/admin/views/__init__.py first seen with mtime 1607634617.0
File /usr/lib/python3/dist-packages/django/core/files/utils.py first seen with mtime 1709538198.0
File /usr/lib/python3/dist-packages/django/http/multipartparser.py first seen with mtime 1709538198.0
File /usr/lib/python3/dist-packages/django/core/servers/__init__.py first seen with mtime 1607634634.0
File /usr/lib/python3/dist-packages/django/utils/translation/__init__.py first seen with mtime 1709538198.0
File /usr/lib/python3.11/hashlib.py first seen with mtime 1707342728.0
File /usr/lib/python3.11/pickle.py first seen with mtime 1707342728.0
File /usr/lib/python3.11/signal.py first seen with mtime 1707342728.0
File /usr/lib/python3/dist-packages/django/core/checks/async_checks.py first seen with mtime 1709537923.0
File /usr/lib/python3/dist-packages/django/db/models/options.py first seen with mtime 1709538198.0
File /usr/lib/python3/dist-packages/django/utils/module_loading.py first seen with mtime 1709537923.0
File /usr/lib/python3.11/asyncio/staggered.py first seen with mtime 1707342728.0
File /usr/lib/python3/dist-packages/django/contrib/auth/backends.py first seen with mtime 1709538198.0
File /usr/lib/python3/dist-packages/django/contrib/auth/validators.py first seen with mtime 1709537923.0
File /usr/lib/python3.11/email/mime/message.py first seen with mtime 1707342728.0
File /usr/lib/python3.11/pkgutil.py first seen with mtime 1707342728.0
File /usr/lib/python3/dist-packages/pymysql/cursors.py first seen with mtime 1710143863.0
File /usr/lib/python3/dist-packages/django/core/files/__init__.py first seen with mtime 1709537923.0
File /usr/lib/python3.11/encodings/utf_8.py first seen with mtime 1707342728.0
File /usr/lib/python3/dist-packages/sqlparse/sql.py first seen with mtime 1704579665.0
File /home/kali/Documents/group/mictseta_recruitment_system/authenticate/apps.py first seen with mtime 1717435011.548097
File /usr/lib/python3/dist-packages/django/views/generic/edit.py first seen with mtime 1709538198.0
File /usr/lib/python3/dist-packages/pymysql/__init__.py first seen with mtime 1710143863.0
File /usr/lib/python3/dist-packages/cryptography/hazmat/primitives/asymmetric/utils.py first seen with mtime 1710886550.0
File /usr/lib/python3/dist-packages/django/contrib/contenttypes/models.py first seen with mtime 1709538198.0
File /usr/lib/python3.11/pathlib.py first seen with mtime 1707342728.0
File /usr/lib/python3/dist-packages/django/contrib/admin/templatetags/__init__.py first seen with mtime 1607634617.0
File /usr/lib/python3.11/dataclasses.py first seen with mtime 1707342728.0
File /usr/lib/python3/dist-packages/django/core/paginator.py first seen with mtime 1709538198.0
File /usr/lib/python3/dist-packages/django/utils/formats.py first seen with mtime 1709538198.0
File /usr/lib/python3.11/asyncio/log.py first seen with mtime 1707342728.0
File /usr/lib/python3/dist-packages/django/contrib/contenttypes/apps.py first seen with mtime 1709537923.0
File /usr/lib/python3/dist-packages/cryptography/hazmat/primitives/asymmetric/__init__.py first seen with mtime 1710886550.0
File /usr/lib/python3.11/platform.py first seen with mtime 1707342728.0
File /usr/lib/python3/dist-packages/cryptography/hazmat/primitives/ciphers/base.py first seen with mtime 1710886550.0
File /usr/lib/python3/dist-packages/django/contrib/sessions/__init__.py first seen with mtime 1656915121.0
File /usr/lib/python3/dist-packages/django/utils/safestring.py first seen with mtime 1709537923.0
File /usr/lib/python3.11/wsgiref/util.py first seen with mtime 1707342728.0
File /usr/lib/python3.11/asyncio/coroutines.py first seen with mtime 1707342728.0
File /usr/lib/python3/dist-packages/django/template/loader.py first seen with mtime 1709537923.0
File /usr/lib/python3.11/multiprocessing/context.py first seen with mtime 1707342728.0
File /usr/lib/python3.11/base64.py first seen with mtime 1707342728.0
File /usr/lib/python3.11/asyncio/sslproto.py first seen with mtime 1707342728.0
File /usr/lib/python3/dist-packages/django/db/migrations/state.py first seen with mtime 1709538198.0
File /usr/lib/python3/dist-packages/django/db/models/deletion.py first seen with mtime 1709537923.0
File /usr/lib/python3.11/weakref.py first seen with mtime 1707342728.0
File /usr/lib/python3/dist-packages/django/views/generic/base.py first seen with mtime 1709537923.0
File /usr/lib/python3.11/gzip.py first seen with mtime 1707342728.0
File /usr/lib/python3/dist-packages/django/contrib/auth/checks.py first seen with mtime 1709537923.0
File /usr/lib/python3/dist-packages/django/db/models/utils.py first seen with mtime 1709537923.0
File /usr/lib/python3/dist-packages/django/utils/duration.py first seen with mtime 1709537923.0
File /usr/lib/python3.11/types.py first seen with mtime 1707342728.0
File /usr/lib/python3/dist-packages/django/db/models/constraints.py first seen with mtime 1709538198.0
File /usr/lib/python3/dist-packages/django/utils/translation/trans_real.py first seen with mtime 1709538198.0
File /usr/lib/python3/dist-packages/django/core/management/commands/__init__.py first seen with mtime 1656915121.0
File /usr/lib/python3.11/socketserver.py first seen with mtime 1707342728.0
File /usr/lib/python3/dist-packages/sqlparse/filters/__init__.py first seen with mtime 1704579665.0
File /usr/lib/python3/dist-packages/cryptography/hazmat/primitives/serialization/ssh.py first seen with mtime 1710886550.0
File /usr/lib/python3.11/enum.py first seen with mtime 1707342728.0
File /usr/lib/python3/dist-packages/django/views/generic/detail.py first seen with mtime 1709537923.0
File /usr/lib/python3/dist-packages/django/core/management/base.py first seen with mtime 1709538198.0
File /usr/lib/python3/dist-packages/django/contrib/admin/templatetags/log.py first seen with mtime 1709538198.0
File /usr/lib/python3/dist-packages/django/utils/dateformat.py first seen with mtime 1709538198.0
File /usr/lib/python3/dist-packages/django/contrib/admin/views/autocomplete.py first seen with mtime 1709538198.0
File /usr/lib/python3.11/json/decoder.py first seen with mtime 1707342728.0
File /usr/lib/python3/dist-packages/django/db/models/functions/window.py first seen with mtime 1709537923.0
File /usr/lib/python3.11/subprocess.py first seen with mtime 1707342728.0
File /usr/lib/python3/dist-packages/django/core/__init__.py first seen with mtime 1607634634.0
File /usr/lib/python3.11/email/base64mime.py first seen with mtime 1707342728.0
File /usr/lib/python3.11/zoneinfo/_common.py first seen with mtime 1707342728.0
File /usr/lib/python3/dist-packages/cryptography/hazmat/primitives/asymmetric/rsa.py first seen with mtime 1710886550.0
File /usr/lib/python3.11/email/errors.py first seen with mtime 1707342728.0
File /usr/lib/python3/dist-packages/django/core/checks/security/base.py first seen with mtime 1709537923.0
File /usr/lib/python3/dist-packages/django/core/handlers/wsgi.py first seen with mtime 1709538198.0
File /usr/lib/python3/dist-packages/sqlparse/filters/others.py first seen with mtime 1704579665.0
File /usr/lib/python3/dist-packages/django/utils/topological_sort.py first seen with mtime 1709538198.0
File /usr/lib/python3/dist-packages/zope/__init__.py first seen with mtime 1696502938.0
File /usr/lib/python3.11/http/__init__.py first seen with mtime 1707342728.0
File /usr/lib/python3/dist-packages/django/utils/crypto.py first seen with mtime 1709538198.0
File /usr/lib/python3/dist-packages/django/forms/renderers.py first seen with mtime 1709538198.0
File /usr/lib/python3.11/asyncio/base_tasks.py first seen with mtime 1707342728.0
File /usr/lib/python3/dist-packages/django/urls/exceptions.py first seen with mtime 1607634634.0
File /usr/lib/python3/dist-packages/django/contrib/auth/forms.py first seen with mtime 1709537923.0
File /usr/lib/python3.11/lib-dynload/_typing.cpython-311-aarch64-linux-gnu.so first seen with mtime 1707342728.0
File /usr/lib/python3/dist-packages/django/core/checks/files.py first seen with mtime 1709537923.0
File /usr/lib/python3/dist-packages/django/views/csrf.py first seen with mtime 1709538198.0
File /usr/lib/python3/dist-packages/django/utils/functional.py first seen with mtime 1709538198.0
File /usr/lib/python3/dist-packages/django/forms/fields.py first seen with mtime 1709538198.0
File /usr/lib/python3.11/html/__init__.py first seen with mtime 1707342728.0
File /home/kali/Documents/group/mictseta_recruitment_system/authenticate/views.py first seen with mtime 1717457989.593622
File /usr/lib/python3/dist-packages/django/db/models/expressions.py first seen with mtime 1709538198.0
File /usr/lib/python3/dist-packages/django/middleware/security.py first seen with mtime 1709537923.0
File /usr/lib/python3/dist-packages/django/utils/tree.py first seen with mtime 1709537923.0
File /usr/lib/python3.11/lib-dynload/_json.cpython-311-aarch64-linux-gnu.so first seen with mtime 1707342728.0
File /usr/lib/python3.11/uuid.py first seen with mtime 1707342728.0
File /usr/lib/python3.11/email/policy.py first seen with mtime 1707342728.0
File /usr/lib/python3/dist-packages/django/db/__init__.py first seen with mtime 1709537923.0
File /usr/lib/python3/dist-packages/django/db/backends/sqlite3/introspection.py first seen with mtime 1709538198.0
File /usr/lib/python3.11/queue.py first seen with mtime 1707342728.0
File /usr/lib/python3/dist-packages/django/middleware/cache.py first seen with mtime 1709537923.0
File /usr/lib/python3.11/zoneinfo/__init__.py first seen with mtime 1707342728.0
File /usr/lib/python3/dist-packages/django/db/backends/sqlite3/__init__.py first seen with mtime 1607634634.0
File /usr/lib/python3/dist-packages/django/contrib/auth/__init__.py first seen with mtime 1709538198.0
File /usr/lib/python3/dist-packages/django/core/files/base.py first seen with mtime 1709538198.0
File /usr/lib/python3/dist-packages/django/contrib/auth/admin.py first seen with mtime 1709538198.0
File /usr/lib/python3.11/json/__init__.py first seen with mtime 1707342728.0
File /usr/lib/python3/dist-packages/django/forms/formsets.py first seen with mtime 1709538198.0
File /usr/lib/python3/dist-packages/django/db/models/aggregates.py first seen with mtime 1709538198.0
File /usr/lib/python3/dist-packages/django/contrib/admin/templatetags/base.py first seen with mtime 1709537923.0
File /usr/lib/python3/dist-packages/django/contrib/staticfiles/management/commands/runserver.py first seen with mtime 1709537923.0
File /usr/lib/python3/dist-packages/bcrypt/__about__.py first seen with mtime 1651427760.0
File /usr/lib/python3/dist-packages/django/http/__init__.py first seen with mtime 1709537923.0
File /usr/lib/python3/dist-packages/django/contrib/staticfiles/checks.py first seen with mtime 1709538198.0
File /usr/lib/python3/dist-packages/django/db/backends/sqlite3/schema.py first seen with mtime 1709538198.0
File /usr/lib/python3/dist-packages/django/db/models/fields/files.py first seen with mtime 1709538198.0
File /usr/lib/python3.11/asyncio/base_subprocess.py first seen with mtime 1707342728.0
File /usr/lib/python3/dist-packages/django/views/static.py first seen with mtime 1709538198.0
File /usr/lib/python3/dist-packages/sqlparse/formatter.py first seen with mtime 1704579665.0
File /usr/lib/python3.11/ipaddress.py first seen with mtime 1707342728.0
File /usr/lib/python3/dist-packages/django/template/loaders/cached.py first seen with mtime 1709537923.0
File /usr/lib/python3/dist-packages/django/contrib/admin/sites.py first seen with mtime 1709538198.0
File /usr/lib/python3.11/logging/__init__.py first seen with mtime 1707342728.0
File /usr/lib/python3/dist-packages/django/db/transaction.py first seen with mtime 1709537923.0
File /usr/lib/python3/dist-packages/colorama/ansi.py first seen with mtime 1693469188.0
File /usr/lib/python3/dist-packages/django/forms/boundfield.py first seen with mtime 1709538198.0
File /usr/lib/python3.11/email/message.py first seen with mtime 1707342728.0
File /usr/lib/python3/dist-packages/django/db/models/sql/constants.py first seen with mtime 1709537923.0
File /usr/lib/python3/dist-packages/django/utils/dateparse.py first seen with mtime 1709538198.0
File /usr/lib/python3/dist-packages/django/db/models/functions/text.py first seen with mtime 1709538198.0
File /usr/lib/python3/dist-packages/django/urls/__init__.py first seen with mtime 1709537923.0
File /usr/lib/python3/dist-packages/django/templatetags/l10n.py first seen with mtime 1709538198.0
File /usr/lib/python3/dist-packages/django/utils/http.py first seen with mtime 1709538198.0
File /usr/lib/python3/dist-packages/django/core/cache/backends/__init__.py first seen with mtime 1607634634.0
File /usr/lib/python3/dist-packages/django/contrib/sessions/base_session.py first seen with mtime 1709538198.0
File /usr/lib/python3/dist-packages/sqlparse/utils.py first seen with mtime 1704579665.0
File /usr/lib/python3/dist-packages/sqlparse/lexer.py first seen with mtime 1704579665.0
File /usr/lib/python3.11/shutil.py first seen with mtime 1707342728.0
File /usr/lib/python3/dist-packages/cryptography/hazmat/__init__.py first seen with mtime 1710886550.0
File /usr/lib/python3/dist-packages/cryptography/hazmat/primitives/serialization/__init__.py first seen with mtime 1710886550.0
File /usr/lib/python3/dist-packages/django/views/decorators/common.py first seen with mtime 1709538198.0
File /usr/lib/python3/dist-packages/django/utils/timesince.py first seen with mtime 1709537923.0
File /usr/lib/python3/dist-packages/pymysql/constants/CR.py first seen with mtime 1710143863.0
File /usr/lib/python3/dist-packages/django/contrib/messages/apps.py first seen with mtime 1709538198.0
File /usr/lib/python3/dist-packages/django/contrib/admin/helpers.py first seen with mtime 1709538198.0
File /usr/lib/python3/dist-packages/django/core/files/storage/filesystem.py first seen with mtime 1709537923.0
File /usr/lib/python3/dist-packages/_cffi_backend.cpython-311-aarch64-linux-gnu.so first seen with mtime 1714282086.0
File /usr/lib/python3/dist-packages/django/core/files/storage/handler.py first seen with mtime 1709537923.0
File /usr/lib/python3/dist-packages/django/db/backends/base/introspection.py first seen with mtime 1709537923.0
File /usr/lib/python3/dist-packages/django/template/autoreload.py first seen with mtime 1709538198.0
File /usr/lib/python3.11/gettext.py first seen with mtime 1707342728.0
File /usr/lib/python3.11/urllib/parse.py first seen with mtime 1707342728.0
File /usr/lib/python3/dist-packages/django/core/files/storage/__init__.py first seen with mtime 1709537923.0
File /usr/lib/python3/dist-packages/django/contrib/admin/templatetags/admin_modify.py first seen with mtime 1709537923.0
File /usr/lib/python3/dist-packages/django/db/models/fields/reverse_related.py first seen with mtime 1709538198.0
File /usr/lib/python3.11/threading.py first seen with mtime 1707342728.0
File /usr/lib/python3.11/argparse.py first seen with mtime 1707342728.0
File /home/kali/Documents/group/mictseta_recruitment_system/mictseta_recruitment_system/__init__.py first seen with mtime 1717435011.5560968
File /usr/lib/python3/dist-packages/django/contrib/contenttypes/checks.py first seen with mtime 1709537923.0
File /usr/lib/python3/dist-packages/pymysql/constants/CLIENT.py first seen with mtime 1710143863.0
File /usr/lib/python3.11/tempfile.py first seen with mtime 1707342728.0
File /usr/lib/python3/dist-packages/django/contrib/admin/filters.py first seen with mtime 1709538198.0
File /usr/lib/python3.11/asyncio/locks.py first seen with mtime 1707342728.0
File /usr/lib/python3/dist-packages/django/db/backends/base/schema.py first seen with mtime 1709538198.0
File /usr/lib/python3/dist-packages/django/utils/ipv6.py first seen with mtime 1709537923.0
File /usr/lib/python3/dist-packages/django/db/migrations/operations/models.py first seen with mtime 1709538198.0
File /usr/lib/python3.11/calendar.py first seen with mtime 1707342728.0
File /usr/lib/python3/dist-packages/django/contrib/admin/options.py first seen with mtime 1709538198.0
File /usr/lib/python3.11/lib-dynload/termios.cpython-311-aarch64-linux-gnu.so first seen with mtime 1707342728.0
File /usr/lib/python3.11/re/_compiler.py first seen with mtime 1707342728.0
File /usr/lib/python3/dist-packages/django/middleware/__init__.py first seen with mtime 1607634634.0
File /usr/lib/python3.11/__future__.py first seen with mtime 1707342728.0
File /usr/lib/python3/dist-packages/cryptography/hazmat/primitives/asymmetric/dsa.py first seen with mtime 1710886550.0
File /usr/lib/python3/dist-packages/django/views/decorators/debug.py first seen with mtime 1709538198.0
File /usr/lib/python3/dist-packages/django/core/validators.py first seen with mtime 1709538198.0
File /usr/lib/python3.11/lib-dynload/_uuid.cpython-311-aarch64-linux-gnu.so first seen with mtime 1707342728.0
File /usr/lib/python3.11/concurrent/__init__.py first seen with mtime 1707342728.0
File /home/kali/Documents/group/mictseta_recruitment_system/mictseta_recruitment_system/urls.py first seen with mtime 1717435011.5560968
File /usr/lib/python3/dist-packages/colorama/win32.py first seen with mtime 1693469188.0
File /usr/lib/python3/dist-packages/sqlparse/filters/aligned_indent.py first seen with mtime 1704579665.0
File /usr/lib/python3/dist-packages/django/contrib/staticfiles/utils.py first seen with mtime 1709537923.0
File /usr/lib/python3.11/_weakrefset.py first seen with mtime 1707342728.0
File /usr/lib/python3.11/numbers.py first seen with mtime 1707342728.0
File /usr/lib/python3.11/token.py first seen with mtime 1707342728.0
File /usr/lib/python3.11/lib-dynload/_ctypes.cpython-311-aarch64-linux-gnu.so first seen with mtime 1707342728.0
File /usr/lib/python3/dist-packages/paste/__init__.py first seen with mtime 1714220735.0
File /usr/lib/python3/dist-packages/django/db/backends/base/validation.py first seen with mtime 1709537923.0
File /usr/lib/python3/dist-packages/django/db/models/sql/subqueries.py first seen with mtime 1709538198.0
File /usr/lib/python3.11/re/_parser.py first seen with mtime 1707342728.0
File /usr/lib/python3/dist-packages/django/templatetags/i18n.py first seen with mtime 1709537923.0
File /usr/lib/python3/dist-packages/django/template/response.py first seen with mtime 1709537923.0
File /usr/lib/python3/dist-packages/django/core/files/locks.py first seen with mtime 1709538198.0
File /usr/lib/python3.11/email/mime/__init__.py first seen with mtime 1707342728.0
File /usr/lib/python3.11/opcode.py first seen with mtime 1707342728.0
File /usr/lib/python3/dist-packages/django/core/cache/backends/filebased.py first seen with mtime 1709538198.0
File /usr/lib/python3/dist-packages/django/contrib/admin/widgets.py first seen with mtime 1709538198.0
File /usr/lib/python3/dist-packages/django/utils/_os.py first seen with mtime 1709538198.0
File /usr/lib/python3/dist-packages/sqlparse/engine/statement_splitter.py first seen with mtime 1704579665.0
File /usr/lib/python3.11/lib-dynload/_contextvars.cpython-311-aarch64-linux-gnu.so first seen with mtime 1707342728.0
File /usr/lib/python3.11/email/mime/nonmultipart.py first seen with mtime 1707342728.0
File /usr/lib/python3.11/textwrap.py first seen with mtime 1707342728.0
File /usr/lib/python3/dist-packages/django/contrib/auth/hashers.py first seen with mtime 1709538198.0
File /usr/lib/python3/dist-packages/django/utils/hashable.py first seen with mtime 1709537923.0
File /usr/lib/python3/dist-packages/bcrypt/_bcrypt.abi3.so first seen with mtime 1672783400.0
File /usr/lib/python3/dist-packages/django/contrib/contenttypes/forms.py first seen with mtime 1709537923.0
File /usr/lib/python3/dist-packages/sqlparse/engine/filter_stack.py first seen with mtime 1704579665.0
File /usr/lib/python3.11/asyncio/futures.py first seen with mtime 1707342728.0
File /usr/lib/python3/dist-packages/django/db/models/constants.py first seen with mtime 1709538198.0
File /usr/lib/python3.11/email/_encoded_words.py first seen with mtime 1707342728.0
File /usr/lib/python3/dist-packages/django/contrib/admin/models.py first seen with mtime 1709537923.0
File /usr/lib/python3/dist-packages/django/utils/encoding.py first seen with mtime 1709538198.0
File /usr/lib/python3/dist-packages/django/db/backends/sqlite3/base.py first seen with mtime 1709538198.0
File /usr/lib/python3/dist-packages/django/db/migrations/utils.py first seen with mtime 1709537923.0
File /usr/lib/python3.11/logging/handlers.py first seen with mtime 1707342728.0
File /usr/lib/python3.11/re/__init__.py first seen with mtime 1707342728.0
File /usr/lib/python3/dist-packages/django/core/handlers/exception.py first seen with mtime 1709537923.0
File /home/kali/Documents/group/mictseta_recruitment_system/authenticate/models.py first seen with mtime 1717451464.0983474
File /usr/lib/python3.11/tokenize.py first seen with mtime 1707342728.0
File /usr/lib/python3.11/secrets.py first seen with mtime 1707342728.0
File /usr/lib/python3.11/asyncio/base_events.py first seen with mtime 1707342728.0
File /usr/lib/python3/dist-packages/django/db/models/signals.py first seen with mtime 1709537923.0
File /usr/lib/python3/dist-packages/django/db/backends/sqlite3/features.py first seen with mtime 1709538198.0
File /usr/lib/python3.11/lib-dynload/_bz2.cpython-311-aarch64-linux-gnu.so first seen with mtime 1707342728.0
File /usr/lib/python3/dist-packages/django/contrib/admin/apps.py first seen with mtime 1709537923.0
File /usr/lib/python3.11/asyncio/transports.py first seen with mtime 1707342728.0
File /usr/lib/python3/dist-packages/django/core/files/uploadhandler.py first seen with mtime 1709538198.0
File /usr/lib/python3/dist-packages/cryptography/hazmat/primitives/_asymmetric.py first seen with mtime 1710886550.0
File /usr/lib/python3/dist-packages/django/template/loaders/filesystem.py first seen with mtime 1709537923.0
File /usr/lib/python3.11/_compression.py first seen with mtime 1707342728.0
File /usr/lib/python3/dist-packages/django/db/models/indexes.py first seen with mtime 1709538198.0
File /usr/lib/python3/dist-packages/sqlparse/filters/tokens.py first seen with mtime 1704579665.0
File /usr/lib/python3/dist-packages/django/template/loaders/__init__.py first seen with mtime 1607634634.0
File /usr/lib/python3.11/sqlite3/__init__.py first seen with mtime 1707342728.0
File /usr/lib/python3/dist-packages/django/db/models/functions/math.py first seen with mtime 1709538198.0
File /usr/lib/python3/dist-packages/django/contrib/contenttypes/__init__.py first seen with mtime 1656915121.0
File /usr/lib/python3.11/urllib/request.py first seen with mtime 1707342728.0
File /usr/lib/python3/dist-packages/django/contrib/contenttypes/admin.py first seen with mtime 1709537923.0
File /usr/lib/python3/dist-packages/django/template/utils.py first seen with mtime 1709537923.0
File /usr/lib/python3/dist-packages/django/core/signals.py first seen with mtime 1656915121.0
File /usr/lib/python3/dist-packages/django/core/exceptions.py first seen with mtime 1709538198.0
File /usr/lib/python3/dist-packages/django/contrib/auth/base_user.py first seen with mtime 1709538198.0
File /usr/lib/python3/dist-packages/django/db/migrations/migration.py first seen with mtime 1709537923.0
File /usr/lib/python3/dist-packages/django/urls/base.py first seen with mtime 1709537923.0
File /usr/lib/python3/dist-packages/django/utils/deconstruct.py first seen with mtime 1709538198.0
File /usr/lib/python3/dist-packages/django/db/models/fields/related_descriptors.py first seen with mtime 1709538198.0
File /usr/lib/python3.11/reprlib.py first seen with mtime 1707342728.0
File /usr/lib/python3/dist-packages/django/core/cache/backends/base.py first seen with mtime 1709538198.0
File /usr/lib/python3/dist-packages/django/template/__init__.py first seen with mtime 1709537923.0
File /usr/lib/python3/dist-packages/django/core/files/temp.py first seen with mtime 1709537923.0
File /usr/lib/python3.11/json/encoder.py first seen with mtime 1707342728.0
File /usr/lib/python3.11/importlib/_abc.py first seen with mtime 1707342728.0
File /usr/lib/python3/dist-packages/django/contrib/sessions/middleware.py first seen with mtime 1709537923.0
File /usr/lib/python3/dist-packages/cryptography/hazmat/primitives/_serialization.py first seen with mtime 1710886550.0
File /usr/lib/python3/dist-packages/cryptography/hazmat/primitives/serialization/base.py first seen with mtime 1710886550.0
File /usr/lib/python3/dist-packages/django/db/models/functions/comparison.py first seen with mtime 1709538198.0
File /usr/lib/python3.11/wsgiref/__init__.py first seen with mtime 1707342728.0
File /usr/lib/python3/dist-packages/django/db/backends/utils.py first seen with mtime 1709538198.0
File /usr/lib/python3.11/copy.py first seen with mtime 1707342728.0
File /usr/lib/python3.11/sqlite3/dbapi2.py first seen with mtime 1707342728.0
File /usr/lib/python3.11/concurrent/futures/thread.py first seen with mtime 1707342728.0
File /usr/lib/python3.11/dis.py first seen with mtime 1707342728.0
File /usr/lib/python3/dist-packages/django/core/files/storage/base.py first seen with mtime 1709537923.0
File /usr/lib/python3/dist-packages/django/db/backends/__init__.py first seen with mtime 1607634634.0
File /usr/lib/python3.11/lib-dynload/_hashlib.cpython-311-aarch64-linux-gnu.so first seen with mtime 1707342728.0
File /usr/lib/python3/dist-packages/django/db/backends/base/features.py first seen with mtime 1709538198.0
File /usr/lib/python3/dist-packages/django/utils/deprecation.py first seen with mtime 1709538198.0
File /usr/lib/python3/dist-packages/cryptography/hazmat/_oid.py first seen with mtime 1710886550.0
File /usr/lib/python3/dist-packages/django/db/models/sql/where.py first seen with mtime 1709538198.0
File /usr/lib/python3/dist-packages/django/db/models/__init__.py first seen with mtime 1709538198.0
File /usr/lib/python3.11/re/_constants.py first seen with mtime 1707342728.0
File /usr/lib/python3.11/importlib/__init__.py first seen with mtime 1707342728.0
File /usr/lib/python3.11/email/iterators.py first seen with mtime 1707342728.0
File /usr/lib/python3/dist-packages/django/db/backends/ddl_references.py first seen with mtime 1709538198.0
File /usr/lib/python3.11/ctypes/__init__.py first seen with mtime 1707342728.0
File /usr/lib/python3/dist-packages/django/core/checks/compatibility/__init__.py first seen with mtime 1607634634.0
File /usr/lib/python3/dist-packages/django/conf/locale/__init__.py first seen with mtime 1709538198.0
File /usr/lib/python3/dist-packages/django/contrib/auth/signals.py first seen with mtime 1656915121.0
File /usr/lib/python3/dist-packages/django/views/__init__.py first seen with mtime 1709537923.0
File /usr/lib/python3/dist-packages/pymysql/times.py first seen with mtime 1710143863.0
File /usr/lib/python3.11/json/scanner.py first seen with mtime 1707342728.0
File /usr/lib/python3/dist-packages/django/contrib/admin/templatetags/admin_urls.py first seen with mtime 1709538198.0
File /usr/lib/python3/dist-packages/colorama/__init__.py first seen with mtime 1693469188.0
File /usr/lib/python3.11/socket.py first seen with mtime 1707342728.0
File /usr/lib/python3/dist-packages/django/contrib/auth/tokens.py first seen with mtime 1709537923.0
File /usr/lib/python3.11/lib-dynload/_lzma.cpython-311-aarch64-linux-gnu.so first seen with mtime 1707342728.0
File /usr/lib/python3/dist-packages/pymysql/optionfile.py first seen with mtime 1710143863.0
File /usr/lib/python3.11/bisect.py first seen with mtime 1707342728.0
File /usr/lib/python3/dist-packages/django/contrib/admin/views/main.py first seen with mtime 1709538198.0
File /usr/lib/python3.11/email/mime/base.py first seen with mtime 1707342728.0
File /usr/lib/python3/dist-packages/cryptography/hazmat/primitives/ciphers/modes.py first seen with mtime 1710886550.0
File /usr/lib/python3.11/asyncio/events.py first seen with mtime 1707342728.0
File /usr/lib/python3.11/_markupbase.py first seen with mtime 1707342728.0
File /usr/lib/python3/dist-packages/django/contrib/messages/constants.py first seen with mtime 1709537923.0
File /usr/lib/python3/dist-packages/django/core/mail/message.py first seen with mtime 1709538198.0
File /usr/lib/python3/dist-packages/django/utils/autoreload.py first seen with mtime 1709538198.0
File /usr/lib/python3.11/email/encoders.py first seen with mtime 1707342728.0
File /usr/lib/python3/dist-packages/django/conf/global_settings.py first seen with mtime 1709538198.0
File /usr/lib/python3.11/email/utils.py first seen with mtime 1707342728.0
File /usr/lib/python3.11/multiprocessing/__init__.py first seen with mtime 1707342728.0
File /usr/lib/python3.11/struct.py first seen with mtime 1707342728.0
File /usr/lib/python3/dist-packages/django/core/checks/__init__.py first seen with mtime 1709537923.0
File /usr/lib/python3.11/lib-dynload/_decimal.cpython-311-aarch64-linux-gnu.so first seen with mtime 1707342728.0
File /usr/lib/python3.11/asyncio/subprocess.py first seen with mtime 1707342728.0
File /usr/lib/python3.11/email/__init__.py first seen with mtime 1707342728.0
File /usr/lib/python3/dist-packages/django/core/serializers/json.py first seen with mtime 1709538198.0
File /usr/lib/python3/dist-packages/bcrypt/__init__.py first seen with mtime 1651427760.0
File /usr/lib/python3.11/urllib/error.py first seen with mtime 1707342728.0
File /usr/lib/python3.11/encodings/__init__.py first seen with mtime 1707342728.0
File /usr/lib/python3.11/html/parser.py first seen with mtime 1707342728.0
File /usr/lib/python3/dist-packages/django/core/checks/urls.py first seen with mtime 1709537923.0
File /usr/lib/python3/dist-packages/django/contrib/sites/shortcuts.py first seen with mtime 1709537923.0
File /usr/lib/python3/dist-packages/django/apps/__init__.py first seen with mtime 1709537923.0
File /usr/lib/python3/dist-packages/django/core/files/storage/memory.py first seen with mtime 1709537923.0
File /usr/lib/python3/dist-packages/django/template/loaders/base.py first seen with mtime 1709537923.0
File /usr/lib/python3/dist-packages/django/utils/cache.py first seen with mtime 1709538198.0
File /usr/lib/python3.11/heapq.py first seen with mtime 1707342728.0
File /usr/lib/python3/dist-packages/django/contrib/auth/middleware.py first seen with mtime 1709538198.0
File /usr/lib/python3/dist-packages/django/db/models/fields/related.py first seen with mtime 1709538198.0
File /usr/lib/python3/dist-packages/django/utils/timezone.py first seen with mtime 1709538198.0
File /usr/lib/python3.11/asyncio/queues.py first seen with mtime 1707342728.0
File /usr/lib/python3/dist-packages/django/core/files/move.py first seen with mtime 1709537923.0
File /usr/lib/python3/dist-packages/django/contrib/auth/decorators.py first seen with mtime 1709537923.0
File /usr/lib/python3/dist-packages/django/contrib/contenttypes/fields.py first seen with mtime 1709538198.0
File /usr/lib/python3/dist-packages/django/db/models/fields/__init__.py first seen with mtime 1709538198.0
File /usr/lib/python3/dist-packages/django/template/base.py first seen with mtime 1709538198.0
File /usr/lib/python3/dist-packages/django/template/smartif.py first seen with mtime 1709538198.0
File /usr/lib/python3/dist-packages/asgiref/__init__.py first seen with mtime 1711302945.0
File /usr/lib/python3/dist-packages/django/contrib/messages/utils.py first seen with mtime 1709537923.0
File /usr/lib/python3/dist-packages/django/utils/datastructures.py first seen with mtime 1709538198.0
File /usr/lib/python3.11/lib-dynload/_queue.cpython-311-aarch64-linux-gnu.so first seen with mtime 1707342728.0
File /usr/lib/python3/dist-packages/django/core/cache/utils.py first seen with mtime 1709538198.0
File /usr/lib/python3/dist-packages/django/core/serializers/__init__.py first seen with mtime 1709537923.0
File /usr/lib/python3/dist-packages/sqlparse/keywords.py first seen with mtime 1704579665.0
File /usr/lib/python3.11/multiprocessing/process.py first seen with mtime 1707342728.0
File /usr/lib/python3/dist-packages/django/templatetags/static.py first seen with mtime 1709537923.0
File /usr/lib/python3/dist-packages/django/utils/numberformat.py first seen with mtime 1709538198.0
File /usr/lib/python3/dist-packages/django/contrib/messages/__init__.py first seen with mtime 1709538198.0
File /usr/lib/python3.11/_sysconfigdata__aarch64-linux-gnu.py first seen with mtime 1707342728.0
File /usr/lib/python3/dist-packages/django/core/handlers/asgi.py first seen with mtime 1709538198.0
File /usr/lib/python3/dist-packages/django/core/management/color.py first seen with mtime 1709538198.0
File /usr/lib/python3.11/http/client.py first seen with mtime 1707342728.0
File /usr/lib/python3/dist-packages/django/utils/html.py first seen with mtime 1709538198.0
File /usr/lib/python3/dist-packages/django/utils/lorem_ipsum.py first seen with mtime 1709537923.0
File /usr/lib/python3/dist-packages/django/core/checks/templates.py first seen with mtime 1709537923.0
File /usr/lib/python3/dist-packages/django/contrib/admin/checks.py first seen with mtime 1709538198.0
File /usr/lib/python3/dist-packages/django/db/models/sql/datastructures.py first seen with mtime 1709538198.0
File /usr/lib/python3.11/urllib/response.py first seen with mtime 1707342728.0
File /usr/lib/python3/dist-packages/django/core/cache/__init__.py first seen with mtime 1709538198.0
File /usr/lib/python3/dist-packages/django/db/models/query_utils.py first seen with mtime 1709538198.0
File /usr/lib/python3/dist-packages/django/db/models/fields/mixins.py first seen with mtime 1709537923.0
File /usr/lib/python3/dist-packages/django/dispatch/__init__.py first seen with mtime 1607634634.0
File /usr/lib/python3/dist-packages/django/utils/dates.py first seen with mtime 1709537923.0
File /usr/lib/python3/dist-packages/sqlparse/__init__.py first seen with mtime 1704579665.0
File /usr/lib/python3.11/asyncio/tasks.py first seen with mtime 1707342728.0
File /usr/lib/python3/dist-packages/django/db/backends/base/__init__.py first seen with mtime 1607634634.0
File /usr/lib/python3/dist-packages/cryptography/hazmat/bindings/__init__.py first seen with mtime 1710886550.0
File /usr/lib/python3.11/asyncio/taskgroups.py first seen with mtime 1707342728.0
File /usr/lib/python3/dist-packages/django/contrib/admin/actions.py first seen with mtime 1709538198.0
File /usr/lib/python3/dist-packages/pymysql/converters.py first seen with mtime 1710143863.0
File /usr/lib/python3/dist-packages/django/db/models/base.py first seen with mtime 1709538198.0
File /usr/lib/python3.11/email/header.py first seen with mtime 1707342728.0
File /usr/lib/python3/dist-packages/django/core/checks/registry.py first seen with mtime 1709537923.0
File /usr/lib/python3/dist-packages/pymysql/connections.py first seen with mtime 1710143863.0
File /usr/lib/python3/dist-packages/django/contrib/messages/api.py first seen with mtime 1709537923.0
File /usr/lib/python3/dist-packages/sqlparse/engine/grouping.py first seen with mtime 1704579665.0
File /usr/lib/python3/dist-packages/django/templatetags/tz.py first seen with mtime 1709538198.0
File /usr/lib/python3/dist-packages/django/contrib/staticfiles/management/commands/__init__.py first seen with mtime 1656915121.0
File /home/kali/Documents/group/mictseta_recruitment_system/authenticate/templates/index.html first seen with mtime 1717454635.470079
File /home/kali/Documents/group/mictseta_recruitment_system/authenticate/templates/signin.html first seen with mtime 1717455411.6446872
File /home/kali/Documents/group/mictseta_recruitment_system/authenticate/templates/signup.html first seen with mtime 1717455284.1736217
File /usr/lib/python3/dist-packages/django/contrib/auth/migrations/0001_initial.py first seen with mtime 1709537923.0
File /usr/lib/python3/dist-packages/django/middleware/common.py first seen with mtime 1709537923.0
File /usr/lib/python3/dist-packages/django/contrib/auth/migrations/0002_alter_permission_name_max_length.py first seen with mtime 1709537923.0
File /usr/lib/python3/dist-packages/django/contrib/auth/migrations/0004_alter_user_username_opts.py first seen with mtime 1709537923.0
File /home/kali/Documents/group/mictseta_recruitment_system/mictseta_recruitment_system/wsgi.py first seen with mtime 1717435011.5560968
File /usr/lib/python3/dist-packages/django/db/migrations/recorder.py first seen with mtime 1709538198.0
File /usr/lib/python3.11/encodings/idna.py first seen with mtime 1707342728.0
File /usr/lib/python3/dist-packages/django/contrib/sessions/backends/db.py first seen with mtime 1709537923.0
File /usr/lib/python3/dist-packages/django/contrib/admin/migrations/__init__.py first seen with mtime 1607634616.0
File /usr/lib/python3/dist-packages/django/contrib/contenttypes/migrations/0001_initial.py first seen with mtime 1709537923.0
File /usr/lib/python3/dist-packages/django/middleware/clickjacking.py first seen with mtime 1709537923.0
File /usr/lib/python3/dist-packages/django/contrib/auth/migrations/0010_alter_group_name_max_length.py first seen with mtime 1709537923.0
File /home/kali/Documents/group/mictseta_recruitment_system/authenticate/migrations/__init__.py first seen with mtime 1717435011.548097
File /usr/lib/python3/dist-packages/django/db/models/sql/compiler.py first seen with mtime 1709538198.0
File /usr/lib/python3/dist-packages/django/contrib/auth/migrations/0006_require_contenttypes_0002.py first seen with mtime 1709537923.0
File /usr/lib/python3/dist-packages/django/contrib/messages/middleware.py first seen with mtime 1709537923.0
File /usr/lib/python3/dist-packages/django/conf/urls/__init__.py first seen with mtime 1709537923.0
File /usr/lib/python3.11/stringprep.py first seen with mtime 1707342728.0
File /usr/lib/python3/dist-packages/django/contrib/auth/migrations/0005_alter_user_last_login_null.py first seen with mtime 1709537923.0
File /usr/lib/python3/dist-packages/django/contrib/auth/migrations/0012_alter_user_first_name_max_length.py first seen with mtime 1709537923.0
File /usr/lib/python3/dist-packages/django/contrib/auth/migrations/0011_update_proxy_permissions.py first seen with mtime 1709537923.0
File /usr/lib/python3/dist-packages/django/db/migrations/graph.py first seen with mtime 1709537923.0
File /usr/lib/python3/dist-packages/django/db/migrations/loader.py first seen with mtime 1709538198.0
File /usr/lib/python3/dist-packages/django/views/defaults.py first seen with mtime 1709537923.0
File /usr/lib/python3/dist-packages/django/contrib/auth/migrations/0003_alter_user_email_max_length.py first seen with mtime 1709537923.0
File /usr/lib/python3/dist-packages/django/contrib/admin/migrations/0002_logentry_remove_auto_add.py first seen with mtime 1709537923.0
File /usr/lib/python3/dist-packages/django/contrib/admin/migrations/0001_initial.py first seen with mtime 1709537923.0
File /home/kali/Documents/group/mictseta_recruitment_system/authenticate/migrations/0004_rename_user_users.py first seen with mtime 1717451464.0943475
File /home/kali/Documents/group/mictseta_recruitment_system/authenticate/migrations/0005_profile_delete_users.py first seen with mtime 1717451464.0943475
File /home/kali/Documents/group/mictseta_recruitment_system/authenticate/migrations/0001_initial.py first seen with mtime 1717435011.548097
File /usr/lib/python3/dist-packages/django/contrib/contenttypes/migrations/__init__.py first seen with mtime 1607634618.0
File /usr/lib/python3/dist-packages/django/contrib/sessions/backends/base.py first seen with mtime 1709537923.0
File /home/kali/Documents/group/mictseta_recruitment_system/authenticate/migrations/0006_profile_age_profile_gender.py first seen with mtime 1717451464.0983474
File /usr/lib/python3/dist-packages/django/contrib/auth/migrations/0009_alter_user_last_name_max_length.py first seen with mtime 1709537923.0
File /usr/lib/python3/dist-packages/django/contrib/sessions/exceptions.py first seen with mtime 1709537923.0
File /usr/lib/python3/dist-packages/django/contrib/admin/migrations/0003_logentry_add_action_flag_choices.py first seen with mtime 1709537923.0
File /usr/lib/python3/dist-packages/django/contrib/contenttypes/migrations/0002_remove_content_type_name.py first seen with mtime 1709537923.0
File /usr/lib/python3/dist-packages/django/contrib/auth/migrations/0007_alter_validators_add_error_messages.py first seen with mtime 1709537923.0
File /usr/lib/python3/dist-packages/django/contrib/sessions/migrations/__init__.py first seen with mtime 1607634631.0
File /usr/lib/python3/dist-packages/django/core/cache/backends/locmem.py first seen with mtime 1709537923.0
File /usr/lib/python3/dist-packages/django/contrib/auth/migrations/0008_alter_user_username_max_length.py first seen with mtime 1709537923.0
File /usr/lib/python3/dist-packages/django/contrib/sessions/backends/__init__.py first seen with mtime 1607634631.0
File /usr/lib/python3/dist-packages/django/contrib/auth/migrations/__init__.py first seen with mtime 1607634618.0
File /home/kali/Documents/group/mictseta_recruitment_system/authenticate/migrations/0003_user_delete_userprofile.py first seen with mtime 1717451464.0943475
File /usr/lib/python3/dist-packages/django/contrib/sessions/migrations/0001_initial.py first seen with mtime 1709537923.0
File /home/kali/Documents/group/mictseta_recruitment_system/authenticate/migrations/0002_userprofile_delete_userprfoile.py first seen with mtime 1717435011.548097
File /usr/lib/python3/dist-packages/django/db/migrations/executor.py first seen with mtime 1709537923.0
(0.001) SELECT 1 AS "a" FROM "auth_user" WHERE "auth_user"."email" = 'jack@gmail.com' LIMIT 1; args=(1, 'jack@gmail.com'); alias=default
(0.001) SELECT "auth_user"."id", "auth_user"."password", "auth_user"."last_login", "auth_user"."is_superuser", "auth_user"."username", "auth_user"."first_name", "auth_user"."last_name", "auth_user"."email", "auth_user"."is_staff", "auth_user"."is_active", "auth_user"."date_joined" FROM "auth_user" WHERE "auth_user"."email" = 'jack@gmail.com' LIMIT 21; args=('jack@gmail.com',); alias=default
(0.001) SELECT "auth_user"."id", "auth_user"."password", "auth_user"."last_login", "auth_user"."is_superuser", "auth_user"."username", "auth_user"."first_name", "auth_user"."last_name", "auth_user"."email", "auth_user"."is_staff", "auth_user"."is_active", "auth_user"."date_joined" FROM "auth_user" WHERE "auth_user"."username" = 'jack' LIMIT 21; args=('jack',); alias=default
File /usr/lib/python3/dist-packages/django/contrib/sessions/serializers.py first seen with mtime 1709538198.0
File /usr/lib/python3/dist-packages/django/contrib/messages/storage/fallback.py first seen with mtime 1709537923.0
File /usr/lib/python3/dist-packages/django/contrib/messages/storage/cookie.py first seen with mtime 1709538198.0
File /usr/lib/python3/dist-packages/django/contrib/messages/storage/session.py first seen with mtime 1709537923.0
(0.001) SELECT "django_session"."session_key", "django_session"."session_data", "django_session"."expire_date" FROM "django_session" WHERE ("django_session"."expire_date" > '2024-06-03 23:59:37.828215' AND "django_session"."session_key" = 'yjt14318va7bwb5hrbcbq2jvrekq03tv') LIMIT 21; args=('2024-06-03 23:59:37.828215', 'yjt14318va7bwb5hrbcbq2jvrekq03tv'); alias=default
(0.006) UPDATE "auth_user" SET "last_login" = '2024-06-03 23:59:37.834098' WHERE "auth_user"."id" = 3; args=('2024-06-03 23:59:37.834098', 3); alias=default
File /usr/lib/python3.11/smtplib.py first seen with mtime 1707342728.0
File /usr/lib/python3/dist-packages/django/core/mail/backends/smtp.py first seen with mtime 1709538198.0
File /usr/lib/python3/dist-packages/django/core/mail/backends/__init__.py first seen with mtime 1607634634.0
File /usr/lib/python3/dist-packages/django/core/mail/backends/base.py first seen with mtime 1709537923.0
Exception while resolving variable 'exception_notes' in template 'unknown'.
Traceback (most recent call last):
  File "/usr/lib/python3/dist-packages/django/core/handlers/exception.py", line 55, in inner
    response = get_response(request)
               ^^^^^^^^^^^^^^^^^^^^^
  File "/usr/lib/python3/dist-packages/django/core/handlers/base.py", line 197, in _get_response
    response = wrapped_callback(request, *callback_args, **callback_kwargs)
               ^^^^^^^^^^^^^^^^^^^^^^^^^^^^^^^^^^^^^^^^^^^^^^^^^^^^^^^^^^^^
  File "/usr/lib/python3/dist-packages/django/views/decorators/csrf.py", line 56, in wrapper_view
    return view_func(*args, **kwargs)
           ^^^^^^^^^^^^^^^^^^^^^^^^^^
  File "/home/kali/Documents/group/mictseta_recruitment_system/authenticate/views.py", line 42, in sign_in
    send_welcome_email('221649921@edu.vut.ac.za')
  File "/home/kali/Documents/group/mictseta_recruitment_system/authenticate/views.py", line 18, in send_welcome_email
    send_mail(subject, message, email_from, recipient_list)
  File "/usr/lib/python3/dist-packages/django/core/mail/__init__.py", line 87, in send_mail
    return mail.send()
           ^^^^^^^^^^^
  File "/usr/lib/python3/dist-packages/django/core/mail/message.py", line 298, in send
    return self.get_connection(fail_silently).send_messages([self])
           ^^^^^^^^^^^^^^^^^^^^^^^^^^^^^^^^^^^^^^^^^^^^^^^^^^^^^^^^
  File "/usr/lib/python3/dist-packages/django/core/mail/backends/smtp.py", line 127, in send_messages
    new_conn_created = self.open()
                       ^^^^^^^^^^^
  File "/usr/lib/python3/dist-packages/django/core/mail/backends/smtp.py", line 94, in open
    self.connection.login(self.username, self.password)
  File "/usr/lib/python3.11/smtplib.py", line 750, in login
    raise last_exception
  File "/usr/lib/python3.11/smtplib.py", line 739, in login
    (code, resp) = self.auth(
                   ^^^^^^^^^^
  File "/usr/lib/python3.11/smtplib.py", line 662, in auth
    raise SMTPAuthenticationError(code, resp)
smtplib.SMTPAuthenticationError: (535, b'5.7.8 Username and Password not accepted. For more information, go to\n5.7.8  https://support.google.com/mail/?p=BadCredentials 4fb4d7f45d1cf-57a7debbeacsm488945a12.64 - gsmtp')

During handling of the above exception, another exception occurred:

Traceback (most recent call last):
  File "/usr/lib/python3/dist-packages/django/template/base.py", line 880, in _resolve_lookup
    current = current[bit]
              ~~~~~~~^^^^^
  File "/usr/lib/python3/dist-packages/django/template/context.py", line 83, in __getitem__
    raise KeyError(key)
KeyError: 'exception_notes'

During handling of the above exception, another exception occurred:

Traceback (most recent call last):
  File "/usr/lib/python3/dist-packages/django/template/base.py", line 886, in _resolve_lookup
    if isinstance(current, BaseContext) and getattr(
                                            ^^^^^^^^
AttributeError: type object 'Context' has no attribute 'exception_notes'

During handling of the above exception, another exception occurred:

Traceback (most recent call last):
  File "/usr/lib/python3/dist-packages/django/template/base.py", line 896, in _resolve_lookup
    current = current[int(bit)]
                      ^^^^^^^^
ValueError: invalid literal for int() with base 10: 'exception_notes'

During handling of the above exception, another exception occurred:

Traceback (most recent call last):
  File "/usr/lib/python3/dist-packages/django/template/base.py", line 903, in _resolve_lookup
    raise VariableDoesNotExist(
django.template.base.VariableDoesNotExist: Failed lookup for key [exception_notes] in [{'True': True, 'False': False, 'None': None}, {'is_email': False, 'unicode_hint': '', 'frames': [{'exc_cause': None, 'exc_cause_explicit': None, 'tb': <traceback object at 0x7fa785f700>, 'type': 'django', 'filename': '/usr/lib/python3/dist-packages/django/core/handlers/exception.py', 'function': 'inner', 'lineno': 55, 'vars': [('request', "<WSGIRequest: POST '/auth/sign_in/'>"), ('exc', "SMTPAuthenticationError(535, b'5.7.8 Username and Password not accepted. For more information, go to\\n5.7.8  https://support.google.com/mail/?p=BadCredentials 4fb4d7f45d1cf-57a7debbeacsm488945a12.64 - gsmtp')"), ('get_response', '<bound method BaseHandler._get_response of <django.core.handlers.wsgi.WSGIHandler object at 0x7fa7990810>>')], 'id': 548271421184, 'pre_context': ['', '        return inner', '    else:', '', '        @wraps(get_response)', '        def inner(request):', '            try:'], 'context_line': '                response = get_response(request)', 'post_context': ['            except Exception as exc:', '                response = response_for_exception(request, exc)', '            return response', '', '        return inner', ''], 'pre_context_lineno': 48, 'colno': '\n                               ^^^^^^^^^^^^^^^^^^^^^', 'tb_area_colno': '\n               ^^^^^^^^^^^^^^^^^^^^^'}, {'exc_cause': None, 'exc_cause_explicit': None, 'tb': <traceback object at 0x7fa785fbc0>, 'type': 'django', 'filename': '/usr/lib/python3/dist-packages/django/core/handlers/base.py', 'function': '_get_response', 'lineno': 197, 'vars': [('self', '<django.core.handlers.wsgi.WSGIHandler object at 0x7fa7990810>'), ('request', "<WSGIRequest: POST '/auth/sign_in/'>"), ('response', 'None'), ('callback', '<function sign_in at 0x7fa82d7c40>'), ('callback_args', '()'), ('callback_kwargs', '{}'), ('middleware_method', '<bound method CsrfViewMiddleware.process_view of <CsrfViewMiddleware get_response=convert_exception_to_response.<locals>.inner>>'), ('wrapped_callback', '<function sign_in at 0x7fa82d7c40>')], 'id': 548271422400, 'pre_context': ['', '        if response is None:', '            wrapped_callback = self.make_view_atomic(callback)', '            # If it is an asynchronous view, run it in a subthread.', '            if iscoroutinefunction(wrapped_callback):', '                wrapped_callback = async_to_sync(wrapped_callback)', '            try:'], 'context_line': '                response = wrapped_callback(request, *callback_args, **callback_kwargs)', 'post_context': ['            except Exception as e:', '                response = self.process_exception_by_middleware(e, request)', '                if response is None:', '                    raise', '', '        # Complain if the view returned None (a common error).'], 'pre_context_lineno': 190, 'colno': '\n                                ^^^^^^^^^^^^^^^^^^^^^^^^^^^^^^^^^^^^^^^^^^^^^^^^^^^^^^^^^^^^', 'tb_area_colno': '\n               ^^^^^^^^^^^^^^^^^^^^^^^^^^^^^^^^^^^^^^^^^^^^^^^^^^^^^^^^^^^^'}, {'exc_cause': None, 'exc_cause_explicit': None, 'tb': <traceback object at 0x7fa785f3c0>, 'type': 'django', 'filename': '/usr/lib/python3/dist-packages/django/views/decorators/csrf.py', 'function': 'wrapper_view', 'lineno': 56, 'vars': [('args', "(<WSGIRequest: POST '/auth/sign_in/'>,)"), ('kwargs', '{}'), ('view_func', '<function sign_in at 0x7fa82d77e0>')], 'id': 548271420352, 'pre_context': ['def csrf_exempt(view_func):', '    """Mark a view function as being exempt from the CSRF view protection."""', '', '    # view_func.csrf_exempt = True would also work, but decorators are nicer', "    # if they don't have side effects, so return a new function.", '    @wraps(view_func)', '    def wrapper_view(*args, **kwargs):'], 'context_line': '        return view_func(*args, **kwargs)', 'post_context': ['', '    wrapper_view.csrf_exempt = True', '    return wrapper_view'], 'pre_context_lineno': 49, 'colno': '\n                   ^^^^^^^^^^^^^^^^^^^^^^^^^^', 'tb_area_colno': '\n           ^^^^^^^^^^^^^^^^^^^^^^^^^^'}, {'exc_cause': None, 'exc_cause_explicit': None, 'tb': <traceback object at 0x7fa785f6c0>, 'type': 'user', 'filename': '/home/kali/Documents/group/mictseta_recruitment_system/authenticate/views.py', 'function': 'sign_in', 'lineno': 42, 'vars': [('request', "<WSGIRequest: POST '/auth/sign_in/'>"), ('json_data', "{'email': 'jack@gmail.com', 'password': 'jack'}"), ('email', "'jack@gmail.com'"), ('password', "'jack'"), ('data', "{'email': 'jack@gmail.com', 'password': 'jack'}"), ('form', '<UserSignInForm bound=True, valid=True, fields=(email;password)>'), ('user', '<User: jack>')], 'id': 548271421120, 'pre_context': ['\t\tform = UserSignInForm(data)', '\t\tif form.is_valid() :', '\t\t\tuser = User.objects.get(email=email)', '\t\t\tuser = authenticate(request, username=user.username, password=password)', '\t\t\tprint(user)', '\t\t\tif user is not None:', '\t\t\t\tlogin(request, user)'], 'context_line': "\t\t\t\tsend_welcome_email('221649921@edu.vut.ac.za')", 'post_context': ['\t\t\t\treturn JsonResponse({\'message\':f"Logged in as : {user.username} " , \'status\':\'success\'}, status=200)', '\t\t\telse:', "\t\t\t\treturn JsonResponse({'message':'Password is incorrect', 'status':'error'}, status=400)", '\t\telse:', "\t\t\treturn JsonResponse({'errors': form.errors, 'status':'error'}, status=400)", ''], 'pre_context_lineno': 35, 'colno': '\n        ^^^^^^^^^^^^^^^^^^^^^^^^^^^^^^^^^^^^^^^^^^^^^', 'tb_area_colno': '\n    ^^^^^^^^^^^^^^^^^^^^^^^^^^^^^^^^^^^^^^^^^^^^^'}, {'exc_cause': None, 'exc_cause_explicit': None, 'tb': <traceback object at 0x7fa785f940>, 'type': 'user', 'filename': '/home/kali/Documents/group/mictseta_recruitment_system/authenticate/views.py', 'function': 'send_welcome_email', 'lineno': 18, 'vars': [('user_email', "'221649921@edu.vut.ac.za'"), ('subject', "'Welcome to Our Website'"), ('message', "'Thank you for signing up for our website. We are excited to have you!'"), ('email_from', "'sixskies25@gmail.com'"), ('recipient_list', "['221649921@edu.vut.ac.za']")], 'id': 548271421760, 'pre_context': ['from django.conf import settings', 'def send_welcome_email(user_email):', "    subject = 'Welcome to Our Website'", "    message = 'Thank you for signing up for our website. We are excited to have you!'", '    email_from = settings.DEFAULT_FROM_EMAIL', '    recipient_list = [user_email]', '    '], 'context_line': '    send_mail(subject, message, email_from, recipient_list)', 'post_context': ['', '@csrf_exempt', 'def sign_in(request):', '', '\tif request.method == "POST":', '\t\ttry:'], 'pre_context_lineno': 11, 'colno': '\n        ^^^^^^^^^^^^^^^^^^^^^^^^^^^^^^^^^^^^^^^^^^^^^^^^^^^^^^^', 'tb_area_colno': '\n    ^^^^^^^^^^^^^^^^^^^^^^^^^^^^^^^^^^^^^^^^^^^^^^^^^^^^^^^'}, {'exc_cause': None, 'exc_cause_explicit': None, 'tb': <traceback object at 0x7fa785f840>, 'type': 'django', 'filename': '/usr/lib/python3/dist-packages/django/core/mail/__init__.py', 'function': 'send_mail', 'lineno': 87, 'vars': [('subject', "'Welcome to Our Website'"), ('message', "'Thank you for signing up for our website. We are excited to have you!'"), ('from_email', "'sixskies25@gmail.com'"), ('recipient_list', "['221649921@edu.vut.ac.za']"), ('fail_silently', 'False'), ('auth_user', 'None'), ('auth_password', 'None'), ('connection', '<django.core.mail.backends.smtp.EmailBackend object at 0x7fa7990090>'), ('html_message', 'None'), ('mail', '<django.core.mail.message.EmailMultiAlternatives object at 0x7fa79ba4d0>')], 'id': 548271421504, 'pre_context': ['    )', '    mail = EmailMultiAlternatives(', '        subject, message, from_email, recipient_list, connection=connection', '    )', '    if html_message:', '        mail.attach_alternative(html_message, "text/html")', ''], 'context_line': '    return mail.send()', 'post_context': ['', '', 'def send_mass_mail(', '    datatuple, fail_silently=False, auth_user=None, auth_password=None, connection=None', '):', '    """'], 'pre_context_lineno': 80, 'colno': '\n               ^^^^^^^^^^^', 'tb_area_colno': '\n           ^^^^^^^^^^^'}, {'exc_cause': None, 'exc_cause_explicit': None, 'tb': <traceback object at 0x7fa785fc40>, 'type': 'django', 'filename': '/usr/lib/python3/dist-packages/django/core/mail/message.py', 'function': 'send', 'lineno': 298, 'vars': [('self', '<django.core.mail.message.EmailMultiAlternatives object at 0x7fa79ba4d0>'), ('fail_silently', 'False')], 'id': 548271422528, 'pre_context': ['', '    def send(self, fail_silently=False):', '        """Send the email message."""', '        if not self.recipients():', "            # Don't bother creating the network connection if there's nobody to", '            # send to.', '            return 0'], 'context_line': '        return self.get_connection(fail_silently).send_messages([self])', 'post_context': ['', '    def attach(self, filename=None, content=None, mimetype=None):', '        """', '        Attach a file with the given filename and content. The filename can', '        be omitted and the mimetype is guessed, if not provided.', ''], 'pre_context_lineno': 291, 'colno': '\n                    ^^^^^^^^^^^^^^^^^^^^^^^^^^^^^^^^^^^^^^^^^^^^^^^^^^^^^^^^', 'tb_area_colno': '\n           ^^^^^^^^^^^^^^^^^^^^^^^^^^^^^^^^^^^^^^^^^^^^^^^^^^^^^^^^'}, {'exc_cause': None, 'exc_cause_explicit': None, 'tb': <traceback object at 0x7fa785fac0>, 'type': 'django', 'filename': '/usr/lib/python3/dist-packages/django/core/mail/backends/smtp.py', 'function': 'send_messages', 'lineno': 127, 'vars': [('self', '<django.core.mail.backends.smtp.EmailBackend object at 0x7fa7990090>'), ('email_messages', '[<django.core.mail.message.EmailMultiAlternatives object at 0x7fa79ba4d0>]')], 'id': 548271422144, 'pre_context': ['        """', '        Send one or more EmailMessage objects and return the number of email', '        messages sent.', '        """', '        if not email_messages:', '            return 0', '        with self._lock:'], 'context_line': '            new_conn_created = self.open()', 'post_context': ['            if not self.connection or new_conn_created is None:', '                # We failed silently on open().', '                # Trying to send would be pointless.', '                return 0', '            num_sent = 0', '            for message in email_messages:'], 'pre_context_lineno': 120, 'colno': '\n                                    ^^^^^^^^^^^', 'tb_area_colno': '\n                       ^^^^^^^^^^^'}, {'exc_cause': None, 'exc_cause_explicit': None, 'tb': <traceback object at 0x7fa785f300>, 'type': 'django', 'filename': '/usr/lib/python3/dist-packages/django/core/mail/backends/smtp.py', 'function': 'open', 'lineno': 94, 'vars': [('self', '<django.core.mail.backends.smtp.EmailBackend object at 0x7fa7990090>'), ('connection_params', "{'local_hostname': 'sixskies'}")], 'id': 548271420160, 'pre_context': ['            )', '', '            # TLS/SSL are mutually exclusive, so only attempt TLS over', '            # non-secure connections.', '            if not self.use_ssl and self.use_tls:', '                self.connection.starttls(context=self.ssl_context)', '            if self.username and self.password:'], 'context_line': '                self.connection.login(self.username, self.password)', 'post_context': ['            return True', '        except OSError:', '            if not self.fail_silently:', '                raise', '', '    def close(self):'], 'pre_context_lineno': 87, 'colno': '\n                    ^^^^^^^^^^^^^^^^^^^^^^^^^^^^^^^^^^^^^^^^^^^^^^^^^^^', 'tb_area_colno': '\n    ^^^^^^^^^^^^^^^^^^^^^^^^^^^^^^^^^^^^^^^^^^^^^^^^^^^'}, {'exc_cause': None, 'exc_cause_explicit': None, 'tb': <traceback object at 0x7fa785f580>, 'type': 'user', 'filename': '/usr/lib/python3.11/smtplib.py', 'function': 'login', 'lineno': 750, 'vars': [('self', '<smtplib.SMTP object at 0x7fa7864450>'), ('user', "'sixskies25@gmail.com'"), ('password', "'-,d;A.;Y3c4Jr]'"), ('initial_response_ok', 'True'), ('preferred_auths', "['CRAM-MD5', 'PLAIN', 'LOGIN']"), ('authlist', "['PLAIN', 'LOGIN']"), ('authmethod', "'LOGIN'"), ('method_name', "'auth_login'"), ('last_exception', "SMTPAuthenticationError(535, b'5.7.8 Username and Password not accepted. For more information, go to\\n5.7.8  https://support.google.com/mail/?p=BadCredentials 4fb4d7f45d1cf-57a7debbeacsm488945a12.64 - gsmtp')"), ('advertised_authlist', "['LOGIN', 'PLAIN', 'XOAUTH2', 'PLAIN-CLIENTTOKEN', 'OAUTHBEARER', 'XOAUTH']")], 'id': 548271420800, 'pre_context': ["                # 503 == 'Error: already authenticated'", '                if code in (235, 503):', '                    return (code, resp)', '            except SMTPAuthenticationError as e:', '                last_exception = e', '', '        # We could not login successfully.  Return result of last attempt.'], 'context_line': '        raise last_exception', 'post_context': ['', '    def starttls(self, keyfile=None, certfile=None, context=None):', '        """Puts the connection to the SMTP server into TLS mode.', '', '        If there has been no previous EHLO or HELO command this session, this', '        method tries ESMTP EHLO first.'], 'pre_context_lineno': 743, 'colno': '\n             ^^^^^^^^^^^^^^^^^^^^', 'tb_area_colno': '\n    ^^^^^^^^^^^^^^^^^^^^'}, {'exc_cause': None, 'exc_cause_explicit': None, 'tb': <traceback object at 0x7fa785f900>, 'type': 'user', 'filename': '/usr/lib/python3.11/smtplib.py', 'function': 'login', 'lineno': 739, 'vars': [('self', '<smtplib.SMTP object at 0x7fa7864450>'), ('user', "'sixskies25@gmail.com'"), ('password', "'-,d;A.;Y3c4Jr]'"), ('initial_response_ok', 'True'), ('preferred_auths', "['CRAM-MD5', 'PLAIN', 'LOGIN']"), ('authlist', "['PLAIN', 'LOGIN']"), ('authmethod', "'LOGIN'"), ('method_name', "'auth_login'"), ('last_exception', "SMTPAuthenticationError(535, b'5.7.8 Username and Password not accepted. For more information, go to\\n5.7.8  https://support.google.com/mail/?p=BadCredentials 4fb4d7f45d1cf-57a7debbeacsm488945a12.64 - gsmtp')"), ('advertised_authlist', "['LOGIN', 'PLAIN', 'XOAUTH2', 'PLAIN-CLIENTTOKEN', 'OAUTHBEARER', 'XOAUTH']")], 'id': 548271421696, 'pre_context': ["        # Some servers advertise authentication methods they don't really", "        # support, so if authentication fails, we continue until we've tried", '        # all methods.', '        self.user, self.password = user, password', '        for authmethod in authlist:', "            method_name = 'auth_' + authmethod.lower().replace('-', '_')", '            try:'], 'context_line': '                (code, resp) = self.auth(', 'post_context': ['                    authmethod, getattr(self, method_name),', '                    initial_response_ok=initial_response_ok)', "                # 235 == 'Authentication successful'", "                # 503 == 'Error: already authenticated'", '                if code in (235, 503):', '                    return (code, resp)'], 'pre_context_lineno': 732, 'colno': '\n                                    ^^^^^^^^^^^^^^^^^^^^^^^^^^^^^', 'tb_area_colno': '\n                   ^^^^^^^^^^^^^^^^^^^^^^^^^^^^^'}, {'exc_cause': None, 'exc_cause_explicit': None, 'tb': <traceback object at 0x7fa785f480>, 'type': 'user', 'filename': '/usr/lib/python3.11/smtplib.py', 'function': 'auth', 'lineno': 662, 'vars': [('self', '<smtplib.SMTP object at 0x7fa7864450>'), ('mechanism', "'LOGIN'"), ('authobject', '<bound method SMTP.auth_login of <smtplib.SMTP object at 0x7fa7864450>>'), ('initial_response_ok', 'True'), ('initial_response', "'sixskies25@gmail.com'"), ('response', "'LSxkO0EuO1kzYzRKcl0='"), ('code', '535'), ('resp', "(b'5.7.8 Username and Password not accepted. For more information, go to\\n5.'\n b'7.8  https://support.google.com/mail/?p=BadCredentials 4fb4d7f45d1cf-57a7deb'\n b'beacsm488945a12.64 - gsmtp')"), ('challenge', "b'Password:'")], 'id': 548271420544, 'pre_context': ['            if self._auth_challenge_count > _MAXCHALLENGE:', '                raise SMTPException(', '                    "Server AUTH mechanism infinite loop. Last response: "', '                    + repr((code, resp))', '                )', '        if code in (235, 503):', '            return (code, resp)'], 'context_line': '        raise SMTPAuthenticationError(code, resp)', 'post_context': ['', '    def auth_cram_md5(self, challenge=None):', '        """ Authobject to use with CRAM-MD5 authentication. Requires self.user', '        and self.password to be set."""', '        # CRAM-MD5 does not support initial-response.', '        if challenge is None:'], 'pre_context_lineno': 655, 'colno': '\n             ^^^^^^^^^^^^^^^^^^^^^^^^^^^^^^^^^^^^^^^^^', 'tb_area_colno': '\n    ^^^^^^^^^^^^^^^^^^^^^^^^^^^^^^^^^^^^^^^^^'}], 'request': <WSGIRequest: POST '/auth/sign_in/'>, 'request_meta': {'COLORFGBG': '15;0', 'COLORTERM': 'truecolor', 'COMMAND_NOT_FOUND_INSTALL_PROMPT': '1', 'DBUS_SESSION_BUS_ADDRESS': 'unix:path=/run/user/1000/bus', 'DESKTOP_SESSION': 'lightdm-xsession', 'DISPLAY': ':0.0', 'DOTNET_CLI_TELEMETRY_OPTOUT': '1', 'GDMSESSION': 'lightdm-xsession', 'GTK_MODULES': 'gail:atk-bridge', 'HOME': '/home/kali', 'LANG': 'en_US.UTF-8', 'LANGUAGE': '', 'LC_ALL': 'en_US.UTF-8', 'LOGNAME': 'kali', 'PANEL_GDK_CORE_DEVICE_EVENTS': '0', 'PATH': '/usr/local/sbin:/usr/local/bin:/usr/sbin:/usr/bin:/sbin:/bin:/usr/local/games:/usr/games', 'POWERSHELL_TELEMETRY_OPTOUT': '1', 'POWERSHELL_UPDATECHECK': 'Off', 'PWD': '/home/kali/Documents/group/mictseta_recruitment_system', 'QT_ACCESSIBILITY': '1', 'QT_AUTO_SCREEN_SCALE_FACTOR': '0', 'QT_QPA_PLATFORMTHEME': 'qt5ct', 'SESSION_MANAGER': 'local/sixskies:@/tmp/.ICE-unix/979,unix/sixskies:/tmp/.ICE-unix/979', 'SHELL': '/usr/bin/zsh', 'SSH_AGENT_PID': '1048', 'SSH_AUTH_SOCK': '/tmp/ssh-jfqKNOnpEWZD/agent.979', 'TERM': 'xterm-256color', 'USER': 'kali', 'WINDOWID': '0', 'XAUTHORITY': '/home/kali/.Xauthority', 'XDG_CONFIG_DIRS': '/etc/xdg', 'XDG_CURRENT_DESKTOP': 'XFCE', 'XDG_DATA_DIRS': '/usr/share/xfce4:/usr/local/share/:/usr/share/:/usr/share', 'XDG_GREETER_DATA_DIR': '/var/lib/lightdm/data/kali', 'XDG_MENU_PREFIX': 'xfce-', 'XDG_RUNTIME_DIR': '/run/user/1000', 'XDG_SEAT': 'seat0', 'XDG_SEAT_PATH': '/org/freedesktop/DisplayManager/Seat0', 'XDG_SESSION_CLASS': 'user', 'XDG_SESSION_DESKTOP': 'lightdm-xsession', 'XDG_SESSION_ID': '2', 'XDG_SESSION_PATH': '/org/freedesktop/DisplayManager/Session0', 'XDG_SESSION_TYPE': 'x11', 'XDG_VTNR': '7', '_JAVA_OPTIONS': '-Dawt.useSystemAAFontSettings=on -Dswing.aatext=true', 'SHLVL': '1', 'OLDPWD': '/home/kali/Documents/group', 'LS_COLORS': 'rs=0:di=01;34:ln=01;36:mh=00:pi=40;33:so=01;35:do=01;35:bd=40;33;01:cd=40;33;01:or=40;31;01:mi=00:su=37;41:sg=30;43:ca=00:tw=30;42:ow=34;42:st=37;44:ex=01;32:*.tar=01;31:*.tgz=01;31:*.arc=01;31:*.arj=01;31:*.taz=01;31:*.lha=01;31:*.lz4=01;31:*.lzh=01;31:*.lzma=01;31:*.tlz=01;31:*.txz=01;31:*.tzo=01;31:*.t7z=01;31:*.zip=01;31:*.z=01;31:*.dz=01;31:*.gz=01;31:*.lrz=01;31:*.lz=01;31:*.lzo=01;31:*.xz=01;31:*.zst=01;31:*.tzst=01;31:*.bz2=01;31:*.bz=01;31:*.tbz=01;31:*.tbz2=01;31:*.tz=01;31:*.deb=01;31:*.rpm=01;31:*.jar=01;31:*.war=01;31:*.ear=01;31:*.sar=01;31:*.rar=01;31:*.alz=01;31:*.ace=01;31:*.zoo=01;31:*.cpio=01;31:*.7z=01;31:*.rz=01;31:*.cab=01;31:*.wim=01;31:*.swm=01;31:*.dwm=01;31:*.esd=01;31:*.avif=01;35:*.jpg=01;35:*.jpeg=01;35:*.mjpg=01;35:*.mjpeg=01;35:*.gif=01;35:*.bmp=01;35:*.pbm=01;35:*.pgm=01;35:*.ppm=01;35:*.tga=01;35:*.xbm=01;35:*.xpm=01;35:*.tif=01;35:*.tiff=01;35:*.png=01;35:*.svg=01;35:*.svgz=01;35:*.mng=01;35:*.pcx=01;35:*.mov=01;35:*.mpg=01;35:*.mpeg=01;35:*.m2v=01;35:*.mkv=01;35:*.webm=01;35:*.webp=01;35:*.ogm=01;35:*.mp4=01;35:*.m4v=01;35:*.mp4v=01;35:*.vob=01;35:*.qt=01;35:*.nuv=01;35:*.wmv=01;35:*.asf=01;35:*.rm=01;35:*.rmvb=01;35:*.flc=01;35:*.avi=01;35:*.fli=01;35:*.flv=01;35:*.gl=01;35:*.dl=01;35:*.xcf=01;35:*.xwd=01;35:*.yuv=01;35:*.cgm=01;35:*.emf=01;35:*.ogv=01;35:*.ogx=01;35:*.aac=00;36:*.au=00;36:*.flac=00;36:*.m4a=00;36:*.mid=00;36:*.midi=00;36:*.mka=00;36:*.mp3=00;36:*.mpc=00;36:*.ogg=00;36:*.ra=00;36:*.wav=00;36:*.oga=00;36:*.opus=00;36:*.spx=00;36:*.xspf=00;36:*~=00;90:*#=00;90:*.bak=00;90:*.crdownload=00;90:*.dpkg-dist=00;90:*.dpkg-new=00;90:*.dpkg-old=00;90:*.dpkg-tmp=00;90:*.old=00;90:*.orig=00;90:*.part=00;90:*.rej=00;90:*.rpmnew=00;90:*.rpmorig=00;90:*.rpmsave=00;90:*.swp=00;90:*.tmp=00;90:*.ucf-dist=00;90:*.ucf-new=00;90:*.ucf-old=00;90::ow=30;44:', 'LESS_TERMCAP_mb': '\x1b[1;31m', 'LESS_TERMCAP_md': '\x1b[1;36m', 'LESS_TERMCAP_me': '\x1b[0m', 'LESS_TERMCAP_so': '\x1b[01;33m', 'LESS_TERMCAP_se': '\x1b[0m', 'LESS_TERMCAP_us': '\x1b[1;32m', 'LESS_TERMCAP_ue': '\x1b[0m', '_': '/usr/bin/python', 'DJANGO_SETTINGS_MODULE': 'mictseta_recruitment_system.settings', 'TZ': 'UTC', 'RUN_MAIN': 'true', 'SERVER_NAME': 'localhost', 'GATEWAY_INTERFACE': 'CGI/1.1', 'SERVER_PORT': '8000', 'REMOTE_HOST': '', 'CONTENT_LENGTH': '64', 'SCRIPT_NAME': '', 'SERVER_PROTOCOL': 'HTTP/1.1', 'SERVER_SOFTWARE': 'WSGIServer/0.2', 'REQUEST_METHOD': 'POST', 'PATH_INFO': '/auth/sign_in/', 'QUERY_STRING': '', 'REMOTE_ADDR': '127.0.0.1', 'CONTENT_TYPE': 'application/json', 'HTTP_USER_AGENT': 'PostmanRuntime/7.37.3', 'HTTP_ACCEPT': '*/*', 'HTTP_POSTMAN_TOKEN': '********************', 'HTTP_HOST': '127.0.0.1:8000', 'HTTP_ACCEPT_ENCODING': 'gzip, deflate, br', 'HTTP_CONNECTION': 'keep-alive', 'HTTP_COOKIE': '********************', 'wsgi.input': <django.core.handlers.wsgi.LimitedStream object at 0x7fa7847760>, 'wsgi.errors': <_io.TextIOWrapper name='<stderr>' mode='w' encoding='utf-8'>, 'wsgi.version': (1, 0), 'wsgi.run_once': False, 'wsgi.url_scheme': 'http', 'wsgi.multithread': True, 'wsgi.multiprocess': False, 'wsgi.file_wrapper': <class 'wsgiref.util.FileWrapper'>, 'CSRF_COOKIE': '5ABiINglT2wgdfUPqUgS7jUYUhbrwJ1V', 'CSRF_COOKIE_NEEDS_UPDATE': True}, 'request_COOKIES_items': dict_items([('csrftoken', '********************'), ('sessionid', '********************')]), 'user_str': 'jack', 'filtered_POST_items': [], 'settings': {'ABSOLUTE_URL_OVERRIDES': {}, 'ADMINS': [], 'ALLOWED_HOSTS': [], 'APPEND_SLASH': True, 'AUTHENTICATION_BACKENDS': ['django.contrib.auth.backends.ModelBackend'], 'AUTH_PASSWORD_VALIDATORS': '********************', 'AUTH_USER_MODEL': 'auth.User', 'BASE_DIR': PosixPath('/home/kali/Documents/group/mictseta_recruitment_system'), 'CACHES': {'default': {'BACKEND': 'django.core.cache.backends.locmem.LocMemCache'}}, 'CACHE_MIDDLEWARE_ALIAS': 'default', 'CACHE_MIDDLEWARE_KEY_PREFIX': '********************', 'CACHE_MIDDLEWARE_SECONDS': 600, 'CSRF_COOKIE_AGE': 31449600, 'CSRF_COOKIE_DOMAIN': None, 'CSRF_COOKIE_HTTPONLY': False, 'CSRF_COOKIE_MASKED': False, 'CSRF_COOKIE_NAME': 'csrftoken', 'CSRF_COOKIE_PATH': '/', 'CSRF_COOKIE_SAMESITE': 'Lax', 'CSRF_COOKIE_SECURE': False, 'CSRF_FAILURE_VIEW': 'django.views.csrf.csrf_failure', 'CSRF_HEADER_NAME': 'HTTP_X_CSRFTOKEN', 'CSRF_TRUSTED_ORIGINS': [], 'CSRF_USE_SESSIONS': False, 'DATABASES': {'default': {'ENGINE': 'django.db.backends.sqlite3', 'NAME': PosixPath('/home/kali/Documents/group/mictseta_recruitment_system/db.sqlite3'), 'ATOMIC_REQUESTS': False, 'AUTOCOMMIT': True, 'CONN_MAX_AGE': 0, 'CONN_HEALTH_CHECKS': False, 'OPTIONS': {}, 'TIME_ZONE': None, 'USER': '', 'PASSWORD': '********************', 'HOST': '', 'PORT': '', 'TEST': {'CHARSET': None, 'COLLATION': None, 'MIGRATE': True, 'MIRROR': None, 'NAME': None}}}, 'DATABASE_ROUTERS': [], 'DATA_UPLOAD_MAX_MEMORY_SIZE': 2621440, 'DATA_UPLOAD_MAX_NUMBER_FIELDS': 1000, 'DATA_UPLOAD_MAX_NUMBER_FILES': 100, 'DATETIME_FORMAT': 'N j, Y, P', 'DATETIME_INPUT_FORMATS': ['%Y-%m-%d %H:%M:%S', '%Y-%m-%d %H:%M:%S.%f', '%Y-%m-%d %H:%M', '%m/%d/%Y %H:%M:%S', '%m/%d/%Y %H:%M:%S.%f', '%m/%d/%Y %H:%M', '%m/%d/%y %H:%M:%S', '%m/%d/%y %H:%M:%S.%f', '%m/%d/%y %H:%M'], 'DATE_FORMAT': 'N j, Y', 'DATE_INPUT_FORMATS': ['%Y-%m-%d', '%m/%d/%Y', '%m/%d/%y', '%b %d %Y', '%b %d, %Y', '%d %b %Y', '%d %b, %Y', '%B %d %Y', '%B %d, %Y', '%d %B %Y', '%d %B, %Y'], 'DEBUG': True, 'DEBUG_PROPAGATE_EXCEPTIONS': False, 'DECIMAL_SEPARATOR': '.', 'DEFAULT_AUTO_FIELD': 'django.db.models.BigAutoField', 'DEFAULT_CHARSET': 'utf-8', 'DEFAULT_EXCEPTION_REPORTER': 'django.views.debug.ExceptionReporter', 'DEFAULT_EXCEPTION_REPORTER_FILTER': 'django.views.debug.SafeExceptionReporterFilter', 'DEFAULT_FILE_STORAGE': 'django.core.files.storage.FileSystemStorage', 'DEFAULT_FROM_EMAIL': 'sixskies25@gmail.com', 'DEFAULT_INDEX_TABLESPACE': '', 'DEFAULT_TABLESPACE': '', 'DISALLOWED_USER_AGENTS': [], 'EMAIL_BACKEND': 'django.core.mail.backends.smtp.EmailBackend', 'EMAIL_HOST': 'smtp.gmail.com', 'EMAIL_HOST_PASSWORD': '********************', 'EMAIL_HOST_USER': 'sixskies25@gmail.com', 'EMAIL_PORT': 587, 'EMAIL_SSL_CERTFILE': None, 'EMAIL_SSL_KEYFILE': '********************', 'EMAIL_SUBJECT_PREFIX': '[Django] ', 'EMAIL_TIMEOUT': None, 'EMAIL_USE_LOCALTIME': False, 'EMAIL_USE_SSL': False, 'EMAIL_USE_TLS': True, 'FILE_UPLOAD_DIRECTORY_PERMISSIONS': None, 'FILE_UPLOAD_HANDLERS': ['django.core.files.uploadhandler.MemoryFileUploadHandler', 'django.core.files.uploadhandler.TemporaryFileUploadHandler'], 'FILE_UPLOAD_MAX_MEMORY_SIZE': 2621440, 'FILE_UPLOAD_PERMISSIONS': 420, 'FILE_UPLOAD_TEMP_DIR': None, 'FIRST_DAY_OF_WEEK': 0, 'FIXTURE_DIRS': [], 'FORCE_SCRIPT_NAME': None, 'FORMAT_MODULE_PATH': None, 'FORM_RENDERER': 'django.forms.renderers.DjangoTemplates', 'IGNORABLE_404_URLS': [], 'INSTALLED_APPS': ['django.contrib.admin', 'django.contrib.auth', 'django.contrib.contenttypes', 'django.contrib.sessions', 'django.contrib.messages', 'django.contrib.staticfiles', 'authenticate'], 'INTERNAL_IPS': [], 'LANGUAGES': [('af', 'Afrikaans'), ('ar', 'Arabic'), ('ar-dz', 'Algerian Arabic'), ('ast', 'Asturian'), ('az', 'Azerbaijani'), ('bg', 'Bulgarian'), ('be', 'Belarusian'), ('bn', 'Bengali'), ('br', 'Breton'), ('bs', 'Bosnian'), ('ca', 'Catalan'), ('ckb', 'Central Kurdish (Sorani)'), ('cs', 'Czech'), ('cy', 'Welsh'), ('da', 'Danish'), ('de', 'German'), ('dsb', 'Lower Sorbian'), ('el', 'Greek'), ('en', 'English'), ('en-au', 'Australian English'), ('en-gb', 'British English'), ('eo', 'Esperanto'), ('es', 'Spanish'), ('es-ar', 'Argentinian Spanish'), ('es-co', 'Colombian Spanish'), ('es-mx', 'Mexican Spanish'), ('es-ni', 'Nicaraguan Spanish'), ('es-ve', 'Venezuelan Spanish'), ('et', 'Estonian'), ('eu', 'Basque'), ('fa', 'Persian'), ('fi', 'Finnish'), ('fr', 'French'), ('fy', 'Frisian'), ('ga', 'Irish'), ('gd', 'Scottish Gaelic'), ('gl', 'Galician'), ('he', 'Hebrew'), ('hi', 'Hindi'), ('hr', 'Croatian'), ('hsb', 'Upper Sorbian'), ('hu', 'Hungarian'), ('hy', 'Armenian'), ('ia', 'Interlingua'), ('id', 'Indonesian'), ('ig', 'Igbo'), ('io', 'Ido'), ('is', 'Icelandic'), ('it', 'Italian'), ('ja', 'Japanese'), ('ka', 'Georgian'), ('kab', 'Kabyle'), ('kk', 'Kazakh'), ('km', 'Khmer'), ('kn', 'Kannada'), ('ko', 'Korean'), ('ky', 'Kyrgyz'), ('lb', 'Luxembourgish'), ('lt', 'Lithuanian'), ('lv', 'Latvian'), ('mk', 'Macedonian'), ('ml', 'Malayalam'), ('mn', 'Mongolian'), ('mr', 'Marathi'), ('ms', 'Malay'), ('my', 'Burmese'), ('nb', 'Norwegian Bokml'), ('ne', 'Nepali'), ('nl', 'Dutch'), ('nn', 'Norwegian Nynorsk'), ('os', 'Ossetic'), ('pa', 'Punjabi'), ('pl', 'Polish'), ('pt', 'Portuguese'), ('pt-br', 'Brazilian Portuguese'), ('ro', 'Romanian'), ('ru', 'Russian'), ('sk', 'Slovak'), ('sl', 'Slovenian'), ('sq', 'Albanian'), ('sr', 'Serbian'), ('sr-latn', 'Serbian Latin'), ('sv', 'Swedish'), ('sw', 'Swahili'), ('ta', 'Tamil'), ('te', 'Telugu'), ('tg', 'Tajik'), ('th', 'Thai'), ('tk', 'Turkmen'), ('tr', 'Turkish'), ('tt', 'Tatar'), ('udm', 'Udmurt'), ('uk', 'Ukrainian'), ('ur', 'Urdu'), ('uz', 'Uzbek'), ('vi', 'Vietnamese'), ('zh-hans', 'Simplified Chinese'), ('zh-hant', 'Traditional Chinese')], 'LANGUAGES_BIDI': ['he', 'ar', 'ar-dz', 'ckb', 'fa', 'ur'], 'LANGUAGE_CODE': 'en-us', 'LANGUAGE_COOKIE_AGE': None, 'LANGUAGE_COOKIE_DOMAIN': None, 'LANGUAGE_COOKIE_HTTPONLY': False, 'LANGUAGE_COOKIE_NAME': 'django_language', 'LANGUAGE_COOKIE_PATH': '/', 'LANGUAGE_COOKIE_SAMESITE': None, 'LANGUAGE_COOKIE_SECURE': False, 'LOCALE_PATHS': [], 'LOGGING': {'version': 1, 'disable_existing_loggers': False, 'handlers': {'file': {'level': 'DEBUG', 'class': 'logging.FileHandler', 'filename': 'logfile.log'}, 'console': {'class': 'logging.StreamHandler'}}, 'loggers': {'django': {'handlers': ['file', 'console'], 'level': 'DEBUG'}}}, 'LOGGING_CONFIG': 'logging.config.dictConfig', 'LOGIN_REDIRECT_URL': '/accounts/profile/', 'LOGIN_URL': '/accounts/login/', 'LOGOUT_REDIRECT_URL': None, 'MANAGERS': [], 'MEDIA_ROOT': '', 'MEDIA_URL': '/', 'MESSAGE_STORAGE': 'django.contrib.messages.storage.fallback.FallbackStorage', 'MIDDLEWARE': ['django.middleware.security.SecurityMiddleware', 'django.contrib.sessions.middleware.SessionMiddleware', 'django.middleware.common.CommonMiddleware', 'django.middleware.csrf.CsrfViewMiddleware', 'django.contrib.auth.middleware.AuthenticationMiddleware', 'django.contrib.messages.middleware.MessageMiddleware', 'django.middleware.clickjacking.XFrameOptionsMiddleware'], 'MIGRATION_MODULES': {}, 'MONTH_DAY_FORMAT': 'F j', 'NUMBER_GROUPING': 0, 'PASSWORD_HASHERS': '********************', 'PASSWORD_RESET_TIMEOUT': '********************', 'PREPEND_WWW': False, 'ROOT_URLCONF': 'mictseta_recruitment_system.urls', 'SECRET_KEY': '********************', 'SECRET_KEY_FALLBACKS': '********************', 'SECURE_CONTENT_TYPE_NOSNIFF': True, 'SECURE_CROSS_ORIGIN_OPENER_POLICY': 'same-origin', 'SECURE_HSTS_INCLUDE_SUBDOMAINS': False, 'SECURE_HSTS_PRELOAD': False, 'SECURE_HSTS_SECONDS': 0, 'SECURE_PROXY_SSL_HEADER': None, 'SECURE_REDIRECT_EXEMPT': [], 'SECURE_REFERRER_POLICY': 'same-origin', 'SECURE_SSL_HOST': None, 'SECURE_SSL_REDIRECT': False, 'SERVER_EMAIL': 'root@localhost', 'SESSION_CACHE_ALIAS': 'default', 'SESSION_COOKIE_AGE': 1209600, 'SESSION_COOKIE_DOMAIN': None, 'SESSION_COOKIE_HTTPONLY': True, 'SESSION_COOKIE_NAME': 'sessionid', 'SESSION_COOKIE_PATH': '/', 'SESSION_COOKIE_SAMESITE': 'Lax', 'SESSION_COOKIE_SECURE': False, 'SESSION_ENGINE': 'django.contrib.sessions.backends.db', 'SESSION_EXPIRE_AT_BROWSER_CLOSE': False, 'SESSION_FILE_PATH': None, 'SESSION_SAVE_EVERY_REQUEST': False, 'SESSION_SERIALIZER': 'django.contrib.sessions.serializers.JSONSerializer', 'SETTINGS_MODULE': 'mictseta_recruitment_system.settings', 'SHORT_DATETIME_FORMAT': 'm/d/Y P', 'SHORT_DATE_FORMAT': 'm/d/Y', 'SIGNING_BACKEND': 'django.core.signing.TimestampSigner', 'SILENCED_SYSTEM_CHECKS': [], 'STATICFILES_DIRS': ['/home/kali/Documents/group/mictseta_recruitment_system/static'], 'STATICFILES_FINDERS': ['django.contrib.staticfiles.finders.FileSystemFinder', 'django.contrib.staticfiles.finders.AppDirectoriesFinder'], 'STATICFILES_STORAGE': 'django.contrib.staticfiles.storage.StaticFilesStorage', 'STATIC_ROOT': None, 'STATIC_URL': '/static/', 'STORAGES': {'default': {'BACKEND': 'django.core.files.storage.FileSystemStorage'}, 'staticfiles': {'BACKEND': 'django.contrib.staticfiles.storage.StaticFilesStorage'}}, 'TEMPLATES': [{'BACKEND': 'django.template.backends.django.DjangoTemplates', 'DIRS': [], 'APP_DIRS': True, 'OPTIONS': {'context_processors': ['django.template.context_processors.debug', 'django.template.context_processors.request', 'django.contrib.auth.context_processors.auth', 'django.contrib.messages.context_processors.messages']}}], 'TEST_NON_SERIALIZED_APPS': [], 'TEST_RUNNER': 'django.test.runner.DiscoverRunner', 'THOUSAND_SEPARATOR': ',', 'TIME_FORMAT': 'P', 'TIME_INPUT_FORMATS': ['%H:%M:%S', '%H:%M:%S.%f', '%H:%M'], 'TIME_ZONE': 'UTC', 'USE_DEPRECATED_PYTZ': False, 'USE_I18N': True, 'USE_L10N': True, 'USE_THOUSAND_SEPARATOR': False, 'USE_TZ': True, 'USE_X_FORWARDED_HOST': False, 'USE_X_FORWARDED_PORT': False, 'WSGI_APPLICATION': 'mictseta_recruitment_system.wsgi.application', 'X_FRAME_OPTIONS': 'DENY', 'YEAR_MONTH_FORMAT': 'F Y'}, 'sys_executable': '/usr/bin/python', 'sys_version_info': '3.11.8', 'server_time': datetime.datetime(2024, 6, 3, 23, 59, 40, 320568, tzinfo=datetime.timezone.utc), 'django_version_info': '4.2.11', 'sys_path': ['/home/kali/Documents/group/mictseta_recruitment_system', '/usr/lib/python311.zip', '/usr/lib/python3.11', '/usr/lib/python3.11/lib-dynload', '/home/kali/.local/lib/python3.11/site-packages', '/usr/local/lib/python3.11/dist-packages', '/usr/lib/python3/dist-packages'], 'template_info': None, 'template_does_not_exist': False, 'postmortem': None, 'request_GET_items': <generator object MultiValueDict.items at 0x7fa780af80>, 'request_FILES_items': <generator object MultiValueDict.items at 0x7fa780b060>, 'request_insecure_uri': 'http://127.0.0.1:8000/auth/sign_in/', 'raising_view_name': 'authenticate.views.sign_in', 'exception_type': 'SMTPAuthenticationError', 'exception_value': "(535, b'5.7.8 Username and Password not accepted. For more information, go to\\n5.7.8  https://support.google.com/mail/?p=BadCredentials 4fb4d7f45d1cf-57a7debbeacsm488945a12.64 - gsmtp')", 'lastframe': {'exc_cause': None, 'exc_cause_explicit': None, 'tb': <traceback object at 0x7fa785f480>, 'type': 'user', 'filename': '/usr/lib/python3.11/smtplib.py', 'function': 'auth', 'lineno': 662, 'vars': [('self', '<smtplib.SMTP object at 0x7fa7864450>'), ('mechanism', "'LOGIN'"), ('authobject', '<bound method SMTP.auth_login of <smtplib.SMTP object at 0x7fa7864450>>'), ('initial_response_ok', 'True'), ('initial_response', "'sixskies25@gmail.com'"), ('response', "'LSxkO0EuO1kzYzRKcl0='"), ('code', '535'), ('resp', "(b'5.7.8 Username and Password not accepted. For more information, go to\\n5.'\n b'7.8  https://support.google.com/mail/?p=BadCredentials 4fb4d7f45d1cf-57a7deb'\n b'beacsm488945a12.64 - gsmtp')"), ('challenge', "b'Password:'")], 'id': 548271420544, 'pre_context': ['            if self._auth_challenge_count > _MAXCHALLENGE:', '                raise SMTPException(', '                    "Server AUTH mechanism infinite loop. Last response: "', '                    + repr((code, resp))', '                )', '        if code in (235, 503):', '            return (code, resp)'], 'context_line': '        raise SMTPAuthenticationError(code, resp)', 'post_context': ['', '    def auth_cram_md5(self, challenge=None):', '        """ Authobject to use with CRAM-MD5 authentication. Requires self.user', '        and self.password to be set."""', '        # CRAM-MD5 does not support initial-response.', '        if challenge is None:'], 'pre_context_lineno': 655, 'colno': '\n             ^^^^^^^^^^^^^^^^^^^^^^^^^^^^^^^^^^^^^^^^^', 'tb_area_colno': '\n    ^^^^^^^^^^^^^^^^^^^^^^^^^^^^^^^^^^^^^^^^^'}}]
Exception while resolving variable 'exception_notes' in template 'unknown'.
Traceback (most recent call last):
  File "/usr/lib/python3/dist-packages/django/core/handlers/exception.py", line 55, in inner
    response = get_response(request)
               ^^^^^^^^^^^^^^^^^^^^^
  File "/usr/lib/python3/dist-packages/django/core/handlers/base.py", line 197, in _get_response
    response = wrapped_callback(request, *callback_args, **callback_kwargs)
               ^^^^^^^^^^^^^^^^^^^^^^^^^^^^^^^^^^^^^^^^^^^^^^^^^^^^^^^^^^^^
  File "/usr/lib/python3/dist-packages/django/views/decorators/csrf.py", line 56, in wrapper_view
    return view_func(*args, **kwargs)
           ^^^^^^^^^^^^^^^^^^^^^^^^^^
  File "/home/kali/Documents/group/mictseta_recruitment_system/authenticate/views.py", line 42, in sign_in
    send_welcome_email('221649921@edu.vut.ac.za')
  File "/home/kali/Documents/group/mictseta_recruitment_system/authenticate/views.py", line 18, in send_welcome_email
    send_mail(subject, message, email_from, recipient_list)
  File "/usr/lib/python3/dist-packages/django/core/mail/__init__.py", line 87, in send_mail
    return mail.send()
           ^^^^^^^^^^^
  File "/usr/lib/python3/dist-packages/django/core/mail/message.py", line 298, in send
    return self.get_connection(fail_silently).send_messages([self])
           ^^^^^^^^^^^^^^^^^^^^^^^^^^^^^^^^^^^^^^^^^^^^^^^^^^^^^^^^
  File "/usr/lib/python3/dist-packages/django/core/mail/backends/smtp.py", line 127, in send_messages
    new_conn_created = self.open()
                       ^^^^^^^^^^^
  File "/usr/lib/python3/dist-packages/django/core/mail/backends/smtp.py", line 94, in open
    self.connection.login(self.username, self.password)
  File "/usr/lib/python3.11/smtplib.py", line 750, in login
    raise last_exception
  File "/usr/lib/python3.11/smtplib.py", line 739, in login
    (code, resp) = self.auth(
                   ^^^^^^^^^^
  File "/usr/lib/python3.11/smtplib.py", line 662, in auth
    raise SMTPAuthenticationError(code, resp)
smtplib.SMTPAuthenticationError: (535, b'5.7.8 Username and Password not accepted. For more information, go to\n5.7.8  https://support.google.com/mail/?p=BadCredentials 4fb4d7f45d1cf-57a7debbeacsm488945a12.64 - gsmtp')

During handling of the above exception, another exception occurred:

Traceback (most recent call last):
  File "/usr/lib/python3/dist-packages/django/template/base.py", line 880, in _resolve_lookup
    current = current[bit]
              ~~~~~~~^^^^^
  File "/usr/lib/python3/dist-packages/django/template/context.py", line 83, in __getitem__
    raise KeyError(key)
KeyError: 'exception_notes'

During handling of the above exception, another exception occurred:

Traceback (most recent call last):
  File "/usr/lib/python3/dist-packages/django/template/base.py", line 886, in _resolve_lookup
    if isinstance(current, BaseContext) and getattr(
                                            ^^^^^^^^
AttributeError: type object 'Context' has no attribute 'exception_notes'

During handling of the above exception, another exception occurred:

Traceback (most recent call last):
  File "/usr/lib/python3/dist-packages/django/template/base.py", line 896, in _resolve_lookup
    current = current[int(bit)]
                      ^^^^^^^^
ValueError: invalid literal for int() with base 10: 'exception_notes'

During handling of the above exception, another exception occurred:

Traceback (most recent call last):
  File "/usr/lib/python3/dist-packages/django/template/base.py", line 903, in _resolve_lookup
    raise VariableDoesNotExist(
django.template.base.VariableDoesNotExist: Failed lookup for key [exception_notes] in [{'True': True, 'False': False, 'None': None}, {'is_email': False, 'unicode_hint': '', 'frames': [{'exc_cause': None, 'exc_cause_explicit': None, 'tb': <traceback object at 0x7fa785f700>, 'type': 'django', 'filename': '/usr/lib/python3/dist-packages/django/core/handlers/exception.py', 'function': 'inner', 'lineno': 55, 'vars': [('request', "<WSGIRequest: POST '/auth/sign_in/'>"), ('exc', "SMTPAuthenticationError(535, b'5.7.8 Username and Password not accepted. For more information, go to\\n5.7.8  https://support.google.com/mail/?p=BadCredentials 4fb4d7f45d1cf-57a7debbeacsm488945a12.64 - gsmtp')"), ('get_response', '<bound method BaseHandler._get_response of <django.core.handlers.wsgi.WSGIHandler object at 0x7fa7990810>>')], 'id': 548271421184, 'pre_context': ['', '        return inner', '    else:', '', '        @wraps(get_response)', '        def inner(request):', '            try:'], 'context_line': '                response = get_response(request)', 'post_context': ['            except Exception as exc:', '                response = response_for_exception(request, exc)', '            return response', '', '        return inner', ''], 'pre_context_lineno': 48, 'colno': '\n                               ^^^^^^^^^^^^^^^^^^^^^', 'tb_area_colno': '\n               ^^^^^^^^^^^^^^^^^^^^^'}, {'exc_cause': None, 'exc_cause_explicit': None, 'tb': <traceback object at 0x7fa785fbc0>, 'type': 'django', 'filename': '/usr/lib/python3/dist-packages/django/core/handlers/base.py', 'function': '_get_response', 'lineno': 197, 'vars': [('self', '<django.core.handlers.wsgi.WSGIHandler object at 0x7fa7990810>'), ('request', "<WSGIRequest: POST '/auth/sign_in/'>"), ('response', 'None'), ('callback', '<function sign_in at 0x7fa82d7c40>'), ('callback_args', '()'), ('callback_kwargs', '{}'), ('middleware_method', '<bound method CsrfViewMiddleware.process_view of <CsrfViewMiddleware get_response=convert_exception_to_response.<locals>.inner>>'), ('wrapped_callback', '<function sign_in at 0x7fa82d7c40>')], 'id': 548271422400, 'pre_context': ['', '        if response is None:', '            wrapped_callback = self.make_view_atomic(callback)', '            # If it is an asynchronous view, run it in a subthread.', '            if iscoroutinefunction(wrapped_callback):', '                wrapped_callback = async_to_sync(wrapped_callback)', '            try:'], 'context_line': '                response = wrapped_callback(request, *callback_args, **callback_kwargs)', 'post_context': ['            except Exception as e:', '                response = self.process_exception_by_middleware(e, request)', '                if response is None:', '                    raise', '', '        # Complain if the view returned None (a common error).'], 'pre_context_lineno': 190, 'colno': '\n                                ^^^^^^^^^^^^^^^^^^^^^^^^^^^^^^^^^^^^^^^^^^^^^^^^^^^^^^^^^^^^', 'tb_area_colno': '\n               ^^^^^^^^^^^^^^^^^^^^^^^^^^^^^^^^^^^^^^^^^^^^^^^^^^^^^^^^^^^^'}, {'exc_cause': None, 'exc_cause_explicit': None, 'tb': <traceback object at 0x7fa785f3c0>, 'type': 'django', 'filename': '/usr/lib/python3/dist-packages/django/views/decorators/csrf.py', 'function': 'wrapper_view', 'lineno': 56, 'vars': [('args', "(<WSGIRequest: POST '/auth/sign_in/'>,)"), ('kwargs', '{}'), ('view_func', '<function sign_in at 0x7fa82d77e0>')], 'id': 548271420352, 'pre_context': ['def csrf_exempt(view_func):', '    """Mark a view function as being exempt from the CSRF view protection."""', '', '    # view_func.csrf_exempt = True would also work, but decorators are nicer', "    # if they don't have side effects, so return a new function.", '    @wraps(view_func)', '    def wrapper_view(*args, **kwargs):'], 'context_line': '        return view_func(*args, **kwargs)', 'post_context': ['', '    wrapper_view.csrf_exempt = True', '    return wrapper_view'], 'pre_context_lineno': 49, 'colno': '\n                   ^^^^^^^^^^^^^^^^^^^^^^^^^^', 'tb_area_colno': '\n           ^^^^^^^^^^^^^^^^^^^^^^^^^^'}, {'exc_cause': None, 'exc_cause_explicit': None, 'tb': <traceback object at 0x7fa785f6c0>, 'type': 'user', 'filename': '/home/kali/Documents/group/mictseta_recruitment_system/authenticate/views.py', 'function': 'sign_in', 'lineno': 42, 'vars': [('request', "<WSGIRequest: POST '/auth/sign_in/'>"), ('json_data', "{'email': 'jack@gmail.com', 'password': 'jack'}"), ('email', "'jack@gmail.com'"), ('password', "'jack'"), ('data', "{'email': 'jack@gmail.com', 'password': 'jack'}"), ('form', '<UserSignInForm bound=True, valid=True, fields=(email;password)>'), ('user', '<User: jack>')], 'id': 548271421120, 'pre_context': ['\t\tform = UserSignInForm(data)', '\t\tif form.is_valid() :', '\t\t\tuser = User.objects.get(email=email)', '\t\t\tuser = authenticate(request, username=user.username, password=password)', '\t\t\tprint(user)', '\t\t\tif user is not None:', '\t\t\t\tlogin(request, user)'], 'context_line': "\t\t\t\tsend_welcome_email('221649921@edu.vut.ac.za')", 'post_context': ['\t\t\t\treturn JsonResponse({\'message\':f"Logged in as : {user.username} " , \'status\':\'success\'}, status=200)', '\t\t\telse:', "\t\t\t\treturn JsonResponse({'message':'Password is incorrect', 'status':'error'}, status=400)", '\t\telse:', "\t\t\treturn JsonResponse({'errors': form.errors, 'status':'error'}, status=400)", ''], 'pre_context_lineno': 35, 'colno': '\n        ^^^^^^^^^^^^^^^^^^^^^^^^^^^^^^^^^^^^^^^^^^^^^', 'tb_area_colno': '\n    ^^^^^^^^^^^^^^^^^^^^^^^^^^^^^^^^^^^^^^^^^^^^^'}, {'exc_cause': None, 'exc_cause_explicit': None, 'tb': <traceback object at 0x7fa785f940>, 'type': 'user', 'filename': '/home/kali/Documents/group/mictseta_recruitment_system/authenticate/views.py', 'function': 'send_welcome_email', 'lineno': 18, 'vars': [('user_email', "'221649921@edu.vut.ac.za'"), ('subject', "'Welcome to Our Website'"), ('message', "'Thank you for signing up for our website. We are excited to have you!'"), ('email_from', "'sixskies25@gmail.com'"), ('recipient_list', "['221649921@edu.vut.ac.za']")], 'id': 548271421760, 'pre_context': ['from django.conf import settings', 'def send_welcome_email(user_email):', "    subject = 'Welcome to Our Website'", "    message = 'Thank you for signing up for our website. We are excited to have you!'", '    email_from = settings.DEFAULT_FROM_EMAIL', '    recipient_list = [user_email]', '    '], 'context_line': '    send_mail(subject, message, email_from, recipient_list)', 'post_context': ['', '@csrf_exempt', 'def sign_in(request):', '', '\tif request.method == "POST":', '\t\ttry:'], 'pre_context_lineno': 11, 'colno': '\n        ^^^^^^^^^^^^^^^^^^^^^^^^^^^^^^^^^^^^^^^^^^^^^^^^^^^^^^^', 'tb_area_colno': '\n    ^^^^^^^^^^^^^^^^^^^^^^^^^^^^^^^^^^^^^^^^^^^^^^^^^^^^^^^'}, {'exc_cause': None, 'exc_cause_explicit': None, 'tb': <traceback object at 0x7fa785f840>, 'type': 'django', 'filename': '/usr/lib/python3/dist-packages/django/core/mail/__init__.py', 'function': 'send_mail', 'lineno': 87, 'vars': [('subject', "'Welcome to Our Website'"), ('message', "'Thank you for signing up for our website. We are excited to have you!'"), ('from_email', "'sixskies25@gmail.com'"), ('recipient_list', "['221649921@edu.vut.ac.za']"), ('fail_silently', 'False'), ('auth_user', 'None'), ('auth_password', 'None'), ('connection', '<django.core.mail.backends.smtp.EmailBackend object at 0x7fa7990090>'), ('html_message', 'None'), ('mail', '<django.core.mail.message.EmailMultiAlternatives object at 0x7fa79ba4d0>')], 'id': 548271421504, 'pre_context': ['    )', '    mail = EmailMultiAlternatives(', '        subject, message, from_email, recipient_list, connection=connection', '    )', '    if html_message:', '        mail.attach_alternative(html_message, "text/html")', ''], 'context_line': '    return mail.send()', 'post_context': ['', '', 'def send_mass_mail(', '    datatuple, fail_silently=False, auth_user=None, auth_password=None, connection=None', '):', '    """'], 'pre_context_lineno': 80, 'colno': '\n               ^^^^^^^^^^^', 'tb_area_colno': '\n           ^^^^^^^^^^^'}, {'exc_cause': None, 'exc_cause_explicit': None, 'tb': <traceback object at 0x7fa785fc40>, 'type': 'django', 'filename': '/usr/lib/python3/dist-packages/django/core/mail/message.py', 'function': 'send', 'lineno': 298, 'vars': [('self', '<django.core.mail.message.EmailMultiAlternatives object at 0x7fa79ba4d0>'), ('fail_silently', 'False')], 'id': 548271422528, 'pre_context': ['', '    def send(self, fail_silently=False):', '        """Send the email message."""', '        if not self.recipients():', "            # Don't bother creating the network connection if there's nobody to", '            # send to.', '            return 0'], 'context_line': '        return self.get_connection(fail_silently).send_messages([self])', 'post_context': ['', '    def attach(self, filename=None, content=None, mimetype=None):', '        """', '        Attach a file with the given filename and content. The filename can', '        be omitted and the mimetype is guessed, if not provided.', ''], 'pre_context_lineno': 291, 'colno': '\n                    ^^^^^^^^^^^^^^^^^^^^^^^^^^^^^^^^^^^^^^^^^^^^^^^^^^^^^^^^', 'tb_area_colno': '\n           ^^^^^^^^^^^^^^^^^^^^^^^^^^^^^^^^^^^^^^^^^^^^^^^^^^^^^^^^'}, {'exc_cause': None, 'exc_cause_explicit': None, 'tb': <traceback object at 0x7fa785fac0>, 'type': 'django', 'filename': '/usr/lib/python3/dist-packages/django/core/mail/backends/smtp.py', 'function': 'send_messages', 'lineno': 127, 'vars': [('self', '<django.core.mail.backends.smtp.EmailBackend object at 0x7fa7990090>'), ('email_messages', '[<django.core.mail.message.EmailMultiAlternatives object at 0x7fa79ba4d0>]')], 'id': 548271422144, 'pre_context': ['        """', '        Send one or more EmailMessage objects and return the number of email', '        messages sent.', '        """', '        if not email_messages:', '            return 0', '        with self._lock:'], 'context_line': '            new_conn_created = self.open()', 'post_context': ['            if not self.connection or new_conn_created is None:', '                # We failed silently on open().', '                # Trying to send would be pointless.', '                return 0', '            num_sent = 0', '            for message in email_messages:'], 'pre_context_lineno': 120, 'colno': '\n                                    ^^^^^^^^^^^', 'tb_area_colno': '\n                       ^^^^^^^^^^^'}, {'exc_cause': None, 'exc_cause_explicit': None, 'tb': <traceback object at 0x7fa785f300>, 'type': 'django', 'filename': '/usr/lib/python3/dist-packages/django/core/mail/backends/smtp.py', 'function': 'open', 'lineno': 94, 'vars': [('self', '<django.core.mail.backends.smtp.EmailBackend object at 0x7fa7990090>'), ('connection_params', "{'local_hostname': 'sixskies'}")], 'id': 548271420160, 'pre_context': ['            )', '', '            # TLS/SSL are mutually exclusive, so only attempt TLS over', '            # non-secure connections.', '            if not self.use_ssl and self.use_tls:', '                self.connection.starttls(context=self.ssl_context)', '            if self.username and self.password:'], 'context_line': '                self.connection.login(self.username, self.password)', 'post_context': ['            return True', '        except OSError:', '            if not self.fail_silently:', '                raise', '', '    def close(self):'], 'pre_context_lineno': 87, 'colno': '\n                    ^^^^^^^^^^^^^^^^^^^^^^^^^^^^^^^^^^^^^^^^^^^^^^^^^^^', 'tb_area_colno': '\n    ^^^^^^^^^^^^^^^^^^^^^^^^^^^^^^^^^^^^^^^^^^^^^^^^^^^'}, {'exc_cause': None, 'exc_cause_explicit': None, 'tb': <traceback object at 0x7fa785f580>, 'type': 'user', 'filename': '/usr/lib/python3.11/smtplib.py', 'function': 'login', 'lineno': 750, 'vars': [('self', '<smtplib.SMTP object at 0x7fa7864450>'), ('user', "'sixskies25@gmail.com'"), ('password', "'-,d;A.;Y3c4Jr]'"), ('initial_response_ok', 'True'), ('preferred_auths', "['CRAM-MD5', 'PLAIN', 'LOGIN']"), ('authlist', "['PLAIN', 'LOGIN']"), ('authmethod', "'LOGIN'"), ('method_name', "'auth_login'"), ('last_exception', "SMTPAuthenticationError(535, b'5.7.8 Username and Password not accepted. For more information, go to\\n5.7.8  https://support.google.com/mail/?p=BadCredentials 4fb4d7f45d1cf-57a7debbeacsm488945a12.64 - gsmtp')"), ('advertised_authlist', "['LOGIN', 'PLAIN', 'XOAUTH2', 'PLAIN-CLIENTTOKEN', 'OAUTHBEARER', 'XOAUTH']")], 'id': 548271420800, 'pre_context': ["                # 503 == 'Error: already authenticated'", '                if code in (235, 503):', '                    return (code, resp)', '            except SMTPAuthenticationError as e:', '                last_exception = e', '', '        # We could not login successfully.  Return result of last attempt.'], 'context_line': '        raise last_exception', 'post_context': ['', '    def starttls(self, keyfile=None, certfile=None, context=None):', '        """Puts the connection to the SMTP server into TLS mode.', '', '        If there has been no previous EHLO or HELO command this session, this', '        method tries ESMTP EHLO first.'], 'pre_context_lineno': 743, 'colno': '\n             ^^^^^^^^^^^^^^^^^^^^', 'tb_area_colno': '\n    ^^^^^^^^^^^^^^^^^^^^'}, {'exc_cause': None, 'exc_cause_explicit': None, 'tb': <traceback object at 0x7fa785f900>, 'type': 'user', 'filename': '/usr/lib/python3.11/smtplib.py', 'function': 'login', 'lineno': 739, 'vars': [('self', '<smtplib.SMTP object at 0x7fa7864450>'), ('user', "'sixskies25@gmail.com'"), ('password', "'-,d;A.;Y3c4Jr]'"), ('initial_response_ok', 'True'), ('preferred_auths', "['CRAM-MD5', 'PLAIN', 'LOGIN']"), ('authlist', "['PLAIN', 'LOGIN']"), ('authmethod', "'LOGIN'"), ('method_name', "'auth_login'"), ('last_exception', "SMTPAuthenticationError(535, b'5.7.8 Username and Password not accepted. For more information, go to\\n5.7.8  https://support.google.com/mail/?p=BadCredentials 4fb4d7f45d1cf-57a7debbeacsm488945a12.64 - gsmtp')"), ('advertised_authlist', "['LOGIN', 'PLAIN', 'XOAUTH2', 'PLAIN-CLIENTTOKEN', 'OAUTHBEARER', 'XOAUTH']")], 'id': 548271421696, 'pre_context': ["        # Some servers advertise authentication methods they don't really", "        # support, so if authentication fails, we continue until we've tried", '        # all methods.', '        self.user, self.password = user, password', '        for authmethod in authlist:', "            method_name = 'auth_' + authmethod.lower().replace('-', '_')", '            try:'], 'context_line': '                (code, resp) = self.auth(', 'post_context': ['                    authmethod, getattr(self, method_name),', '                    initial_response_ok=initial_response_ok)', "                # 235 == 'Authentication successful'", "                # 503 == 'Error: already authenticated'", '                if code in (235, 503):', '                    return (code, resp)'], 'pre_context_lineno': 732, 'colno': '\n                                    ^^^^^^^^^^^^^^^^^^^^^^^^^^^^^', 'tb_area_colno': '\n                   ^^^^^^^^^^^^^^^^^^^^^^^^^^^^^'}, {'exc_cause': None, 'exc_cause_explicit': None, 'tb': <traceback object at 0x7fa785f480>, 'type': 'user', 'filename': '/usr/lib/python3.11/smtplib.py', 'function': 'auth', 'lineno': 662, 'vars': [('self', '<smtplib.SMTP object at 0x7fa7864450>'), ('mechanism', "'LOGIN'"), ('authobject', '<bound method SMTP.auth_login of <smtplib.SMTP object at 0x7fa7864450>>'), ('initial_response_ok', 'True'), ('initial_response', "'sixskies25@gmail.com'"), ('response', "'LSxkO0EuO1kzYzRKcl0='"), ('code', '535'), ('resp', "(b'5.7.8 Username and Password not accepted. For more information, go to\\n5.'\n b'7.8  https://support.google.com/mail/?p=BadCredentials 4fb4d7f45d1cf-57a7deb'\n b'beacsm488945a12.64 - gsmtp')"), ('challenge', "b'Password:'")], 'id': 548271420544, 'pre_context': ['            if self._auth_challenge_count > _MAXCHALLENGE:', '                raise SMTPException(', '                    "Server AUTH mechanism infinite loop. Last response: "', '                    + repr((code, resp))', '                )', '        if code in (235, 503):', '            return (code, resp)'], 'context_line': '        raise SMTPAuthenticationError(code, resp)', 'post_context': ['', '    def auth_cram_md5(self, challenge=None):', '        """ Authobject to use with CRAM-MD5 authentication. Requires self.user', '        and self.password to be set."""', '        # CRAM-MD5 does not support initial-response.', '        if challenge is None:'], 'pre_context_lineno': 655, 'colno': '\n             ^^^^^^^^^^^^^^^^^^^^^^^^^^^^^^^^^^^^^^^^^', 'tb_area_colno': '\n    ^^^^^^^^^^^^^^^^^^^^^^^^^^^^^^^^^^^^^^^^^'}], 'request': <WSGIRequest: POST '/auth/sign_in/'>, 'request_meta': {'COLORFGBG': '15;0', 'COLORTERM': 'truecolor', 'COMMAND_NOT_FOUND_INSTALL_PROMPT': '1', 'DBUS_SESSION_BUS_ADDRESS': 'unix:path=/run/user/1000/bus', 'DESKTOP_SESSION': 'lightdm-xsession', 'DISPLAY': ':0.0', 'DOTNET_CLI_TELEMETRY_OPTOUT': '1', 'GDMSESSION': 'lightdm-xsession', 'GTK_MODULES': 'gail:atk-bridge', 'HOME': '/home/kali', 'LANG': 'en_US.UTF-8', 'LANGUAGE': '', 'LC_ALL': 'en_US.UTF-8', 'LOGNAME': 'kali', 'PANEL_GDK_CORE_DEVICE_EVENTS': '0', 'PATH': '/usr/local/sbin:/usr/local/bin:/usr/sbin:/usr/bin:/sbin:/bin:/usr/local/games:/usr/games', 'POWERSHELL_TELEMETRY_OPTOUT': '1', 'POWERSHELL_UPDATECHECK': 'Off', 'PWD': '/home/kali/Documents/group/mictseta_recruitment_system', 'QT_ACCESSIBILITY': '1', 'QT_AUTO_SCREEN_SCALE_FACTOR': '0', 'QT_QPA_PLATFORMTHEME': 'qt5ct', 'SESSION_MANAGER': 'local/sixskies:@/tmp/.ICE-unix/979,unix/sixskies:/tmp/.ICE-unix/979', 'SHELL': '/usr/bin/zsh', 'SSH_AGENT_PID': '1048', 'SSH_AUTH_SOCK': '/tmp/ssh-jfqKNOnpEWZD/agent.979', 'TERM': 'xterm-256color', 'USER': 'kali', 'WINDOWID': '0', 'XAUTHORITY': '/home/kali/.Xauthority', 'XDG_CONFIG_DIRS': '/etc/xdg', 'XDG_CURRENT_DESKTOP': 'XFCE', 'XDG_DATA_DIRS': '/usr/share/xfce4:/usr/local/share/:/usr/share/:/usr/share', 'XDG_GREETER_DATA_DIR': '/var/lib/lightdm/data/kali', 'XDG_MENU_PREFIX': 'xfce-', 'XDG_RUNTIME_DIR': '/run/user/1000', 'XDG_SEAT': 'seat0', 'XDG_SEAT_PATH': '/org/freedesktop/DisplayManager/Seat0', 'XDG_SESSION_CLASS': 'user', 'XDG_SESSION_DESKTOP': 'lightdm-xsession', 'XDG_SESSION_ID': '2', 'XDG_SESSION_PATH': '/org/freedesktop/DisplayManager/Session0', 'XDG_SESSION_TYPE': 'x11', 'XDG_VTNR': '7', '_JAVA_OPTIONS': '-Dawt.useSystemAAFontSettings=on -Dswing.aatext=true', 'SHLVL': '1', 'OLDPWD': '/home/kali/Documents/group', 'LS_COLORS': 'rs=0:di=01;34:ln=01;36:mh=00:pi=40;33:so=01;35:do=01;35:bd=40;33;01:cd=40;33;01:or=40;31;01:mi=00:su=37;41:sg=30;43:ca=00:tw=30;42:ow=34;42:st=37;44:ex=01;32:*.tar=01;31:*.tgz=01;31:*.arc=01;31:*.arj=01;31:*.taz=01;31:*.lha=01;31:*.lz4=01;31:*.lzh=01;31:*.lzma=01;31:*.tlz=01;31:*.txz=01;31:*.tzo=01;31:*.t7z=01;31:*.zip=01;31:*.z=01;31:*.dz=01;31:*.gz=01;31:*.lrz=01;31:*.lz=01;31:*.lzo=01;31:*.xz=01;31:*.zst=01;31:*.tzst=01;31:*.bz2=01;31:*.bz=01;31:*.tbz=01;31:*.tbz2=01;31:*.tz=01;31:*.deb=01;31:*.rpm=01;31:*.jar=01;31:*.war=01;31:*.ear=01;31:*.sar=01;31:*.rar=01;31:*.alz=01;31:*.ace=01;31:*.zoo=01;31:*.cpio=01;31:*.7z=01;31:*.rz=01;31:*.cab=01;31:*.wim=01;31:*.swm=01;31:*.dwm=01;31:*.esd=01;31:*.avif=01;35:*.jpg=01;35:*.jpeg=01;35:*.mjpg=01;35:*.mjpeg=01;35:*.gif=01;35:*.bmp=01;35:*.pbm=01;35:*.pgm=01;35:*.ppm=01;35:*.tga=01;35:*.xbm=01;35:*.xpm=01;35:*.tif=01;35:*.tiff=01;35:*.png=01;35:*.svg=01;35:*.svgz=01;35:*.mng=01;35:*.pcx=01;35:*.mov=01;35:*.mpg=01;35:*.mpeg=01;35:*.m2v=01;35:*.mkv=01;35:*.webm=01;35:*.webp=01;35:*.ogm=01;35:*.mp4=01;35:*.m4v=01;35:*.mp4v=01;35:*.vob=01;35:*.qt=01;35:*.nuv=01;35:*.wmv=01;35:*.asf=01;35:*.rm=01;35:*.rmvb=01;35:*.flc=01;35:*.avi=01;35:*.fli=01;35:*.flv=01;35:*.gl=01;35:*.dl=01;35:*.xcf=01;35:*.xwd=01;35:*.yuv=01;35:*.cgm=01;35:*.emf=01;35:*.ogv=01;35:*.ogx=01;35:*.aac=00;36:*.au=00;36:*.flac=00;36:*.m4a=00;36:*.mid=00;36:*.midi=00;36:*.mka=00;36:*.mp3=00;36:*.mpc=00;36:*.ogg=00;36:*.ra=00;36:*.wav=00;36:*.oga=00;36:*.opus=00;36:*.spx=00;36:*.xspf=00;36:*~=00;90:*#=00;90:*.bak=00;90:*.crdownload=00;90:*.dpkg-dist=00;90:*.dpkg-new=00;90:*.dpkg-old=00;90:*.dpkg-tmp=00;90:*.old=00;90:*.orig=00;90:*.part=00;90:*.rej=00;90:*.rpmnew=00;90:*.rpmorig=00;90:*.rpmsave=00;90:*.swp=00;90:*.tmp=00;90:*.ucf-dist=00;90:*.ucf-new=00;90:*.ucf-old=00;90::ow=30;44:', 'LESS_TERMCAP_mb': '\x1b[1;31m', 'LESS_TERMCAP_md': '\x1b[1;36m', 'LESS_TERMCAP_me': '\x1b[0m', 'LESS_TERMCAP_so': '\x1b[01;33m', 'LESS_TERMCAP_se': '\x1b[0m', 'LESS_TERMCAP_us': '\x1b[1;32m', 'LESS_TERMCAP_ue': '\x1b[0m', '_': '/usr/bin/python', 'DJANGO_SETTINGS_MODULE': 'mictseta_recruitment_system.settings', 'TZ': 'UTC', 'RUN_MAIN': 'true', 'SERVER_NAME': 'localhost', 'GATEWAY_INTERFACE': 'CGI/1.1', 'SERVER_PORT': '8000', 'REMOTE_HOST': '', 'CONTENT_LENGTH': '64', 'SCRIPT_NAME': '', 'SERVER_PROTOCOL': 'HTTP/1.1', 'SERVER_SOFTWARE': 'WSGIServer/0.2', 'REQUEST_METHOD': 'POST', 'PATH_INFO': '/auth/sign_in/', 'QUERY_STRING': '', 'REMOTE_ADDR': '127.0.0.1', 'CONTENT_TYPE': 'application/json', 'HTTP_USER_AGENT': 'PostmanRuntime/7.37.3', 'HTTP_ACCEPT': '*/*', 'HTTP_POSTMAN_TOKEN': '********************', 'HTTP_HOST': '127.0.0.1:8000', 'HTTP_ACCEPT_ENCODING': 'gzip, deflate, br', 'HTTP_CONNECTION': 'keep-alive', 'HTTP_COOKIE': '********************', 'wsgi.input': <django.core.handlers.wsgi.LimitedStream object at 0x7fa7847760>, 'wsgi.errors': <_io.TextIOWrapper name='<stderr>' mode='w' encoding='utf-8'>, 'wsgi.version': (1, 0), 'wsgi.run_once': False, 'wsgi.url_scheme': 'http', 'wsgi.multithread': True, 'wsgi.multiprocess': False, 'wsgi.file_wrapper': <class 'wsgiref.util.FileWrapper'>, 'CSRF_COOKIE': '5ABiINglT2wgdfUPqUgS7jUYUhbrwJ1V', 'CSRF_COOKIE_NEEDS_UPDATE': True}, 'request_COOKIES_items': dict_items([('csrftoken', '********************'), ('sessionid', '********************')]), 'user_str': 'jack', 'filtered_POST_items': [], 'settings': {'ABSOLUTE_URL_OVERRIDES': {}, 'ADMINS': [], 'ALLOWED_HOSTS': [], 'APPEND_SLASH': True, 'AUTHENTICATION_BACKENDS': ['django.contrib.auth.backends.ModelBackend'], 'AUTH_PASSWORD_VALIDATORS': '********************', 'AUTH_USER_MODEL': 'auth.User', 'BASE_DIR': PosixPath('/home/kali/Documents/group/mictseta_recruitment_system'), 'CACHES': {'default': {'BACKEND': 'django.core.cache.backends.locmem.LocMemCache'}}, 'CACHE_MIDDLEWARE_ALIAS': 'default', 'CACHE_MIDDLEWARE_KEY_PREFIX': '********************', 'CACHE_MIDDLEWARE_SECONDS': 600, 'CSRF_COOKIE_AGE': 31449600, 'CSRF_COOKIE_DOMAIN': None, 'CSRF_COOKIE_HTTPONLY': False, 'CSRF_COOKIE_MASKED': False, 'CSRF_COOKIE_NAME': 'csrftoken', 'CSRF_COOKIE_PATH': '/', 'CSRF_COOKIE_SAMESITE': 'Lax', 'CSRF_COOKIE_SECURE': False, 'CSRF_FAILURE_VIEW': 'django.views.csrf.csrf_failure', 'CSRF_HEADER_NAME': 'HTTP_X_CSRFTOKEN', 'CSRF_TRUSTED_ORIGINS': [], 'CSRF_USE_SESSIONS': False, 'DATABASES': {'default': {'ENGINE': 'django.db.backends.sqlite3', 'NAME': PosixPath('/home/kali/Documents/group/mictseta_recruitment_system/db.sqlite3'), 'ATOMIC_REQUESTS': False, 'AUTOCOMMIT': True, 'CONN_MAX_AGE': 0, 'CONN_HEALTH_CHECKS': False, 'OPTIONS': {}, 'TIME_ZONE': None, 'USER': '', 'PASSWORD': '********************', 'HOST': '', 'PORT': '', 'TEST': {'CHARSET': None, 'COLLATION': None, 'MIGRATE': True, 'MIRROR': None, 'NAME': None}}}, 'DATABASE_ROUTERS': [], 'DATA_UPLOAD_MAX_MEMORY_SIZE': 2621440, 'DATA_UPLOAD_MAX_NUMBER_FIELDS': 1000, 'DATA_UPLOAD_MAX_NUMBER_FILES': 100, 'DATETIME_FORMAT': 'N j, Y, P', 'DATETIME_INPUT_FORMATS': ['%Y-%m-%d %H:%M:%S', '%Y-%m-%d %H:%M:%S.%f', '%Y-%m-%d %H:%M', '%m/%d/%Y %H:%M:%S', '%m/%d/%Y %H:%M:%S.%f', '%m/%d/%Y %H:%M', '%m/%d/%y %H:%M:%S', '%m/%d/%y %H:%M:%S.%f', '%m/%d/%y %H:%M'], 'DATE_FORMAT': 'N j, Y', 'DATE_INPUT_FORMATS': ['%Y-%m-%d', '%m/%d/%Y', '%m/%d/%y', '%b %d %Y', '%b %d, %Y', '%d %b %Y', '%d %b, %Y', '%B %d %Y', '%B %d, %Y', '%d %B %Y', '%d %B, %Y'], 'DEBUG': True, 'DEBUG_PROPAGATE_EXCEPTIONS': False, 'DECIMAL_SEPARATOR': '.', 'DEFAULT_AUTO_FIELD': 'django.db.models.BigAutoField', 'DEFAULT_CHARSET': 'utf-8', 'DEFAULT_EXCEPTION_REPORTER': 'django.views.debug.ExceptionReporter', 'DEFAULT_EXCEPTION_REPORTER_FILTER': 'django.views.debug.SafeExceptionReporterFilter', 'DEFAULT_FILE_STORAGE': 'django.core.files.storage.FileSystemStorage', 'DEFAULT_FROM_EMAIL': 'sixskies25@gmail.com', 'DEFAULT_INDEX_TABLESPACE': '', 'DEFAULT_TABLESPACE': '', 'DISALLOWED_USER_AGENTS': [], 'EMAIL_BACKEND': 'django.core.mail.backends.smtp.EmailBackend', 'EMAIL_HOST': 'smtp.gmail.com', 'EMAIL_HOST_PASSWORD': '********************', 'EMAIL_HOST_USER': 'sixskies25@gmail.com', 'EMAIL_PORT': 587, 'EMAIL_SSL_CERTFILE': None, 'EMAIL_SSL_KEYFILE': '********************', 'EMAIL_SUBJECT_PREFIX': '[Django] ', 'EMAIL_TIMEOUT': None, 'EMAIL_USE_LOCALTIME': False, 'EMAIL_USE_SSL': False, 'EMAIL_USE_TLS': True, 'FILE_UPLOAD_DIRECTORY_PERMISSIONS': None, 'FILE_UPLOAD_HANDLERS': ['django.core.files.uploadhandler.MemoryFileUploadHandler', 'django.core.files.uploadhandler.TemporaryFileUploadHandler'], 'FILE_UPLOAD_MAX_MEMORY_SIZE': 2621440, 'FILE_UPLOAD_PERMISSIONS': 420, 'FILE_UPLOAD_TEMP_DIR': None, 'FIRST_DAY_OF_WEEK': 0, 'FIXTURE_DIRS': [], 'FORCE_SCRIPT_NAME': None, 'FORMAT_MODULE_PATH': None, 'FORM_RENDERER': 'django.forms.renderers.DjangoTemplates', 'IGNORABLE_404_URLS': [], 'INSTALLED_APPS': ['django.contrib.admin', 'django.contrib.auth', 'django.contrib.contenttypes', 'django.contrib.sessions', 'django.contrib.messages', 'django.contrib.staticfiles', 'authenticate'], 'INTERNAL_IPS': [], 'LANGUAGES': [('af', 'Afrikaans'), ('ar', 'Arabic'), ('ar-dz', 'Algerian Arabic'), ('ast', 'Asturian'), ('az', 'Azerbaijani'), ('bg', 'Bulgarian'), ('be', 'Belarusian'), ('bn', 'Bengali'), ('br', 'Breton'), ('bs', 'Bosnian'), ('ca', 'Catalan'), ('ckb', 'Central Kurdish (Sorani)'), ('cs', 'Czech'), ('cy', 'Welsh'), ('da', 'Danish'), ('de', 'German'), ('dsb', 'Lower Sorbian'), ('el', 'Greek'), ('en', 'English'), ('en-au', 'Australian English'), ('en-gb', 'British English'), ('eo', 'Esperanto'), ('es', 'Spanish'), ('es-ar', 'Argentinian Spanish'), ('es-co', 'Colombian Spanish'), ('es-mx', 'Mexican Spanish'), ('es-ni', 'Nicaraguan Spanish'), ('es-ve', 'Venezuelan Spanish'), ('et', 'Estonian'), ('eu', 'Basque'), ('fa', 'Persian'), ('fi', 'Finnish'), ('fr', 'French'), ('fy', 'Frisian'), ('ga', 'Irish'), ('gd', 'Scottish Gaelic'), ('gl', 'Galician'), ('he', 'Hebrew'), ('hi', 'Hindi'), ('hr', 'Croatian'), ('hsb', 'Upper Sorbian'), ('hu', 'Hungarian'), ('hy', 'Armenian'), ('ia', 'Interlingua'), ('id', 'Indonesian'), ('ig', 'Igbo'), ('io', 'Ido'), ('is', 'Icelandic'), ('it', 'Italian'), ('ja', 'Japanese'), ('ka', 'Georgian'), ('kab', 'Kabyle'), ('kk', 'Kazakh'), ('km', 'Khmer'), ('kn', 'Kannada'), ('ko', 'Korean'), ('ky', 'Kyrgyz'), ('lb', 'Luxembourgish'), ('lt', 'Lithuanian'), ('lv', 'Latvian'), ('mk', 'Macedonian'), ('ml', 'Malayalam'), ('mn', 'Mongolian'), ('mr', 'Marathi'), ('ms', 'Malay'), ('my', 'Burmese'), ('nb', 'Norwegian Bokml'), ('ne', 'Nepali'), ('nl', 'Dutch'), ('nn', 'Norwegian Nynorsk'), ('os', 'Ossetic'), ('pa', 'Punjabi'), ('pl', 'Polish'), ('pt', 'Portuguese'), ('pt-br', 'Brazilian Portuguese'), ('ro', 'Romanian'), ('ru', 'Russian'), ('sk', 'Slovak'), ('sl', 'Slovenian'), ('sq', 'Albanian'), ('sr', 'Serbian'), ('sr-latn', 'Serbian Latin'), ('sv', 'Swedish'), ('sw', 'Swahili'), ('ta', 'Tamil'), ('te', 'Telugu'), ('tg', 'Tajik'), ('th', 'Thai'), ('tk', 'Turkmen'), ('tr', 'Turkish'), ('tt', 'Tatar'), ('udm', 'Udmurt'), ('uk', 'Ukrainian'), ('ur', 'Urdu'), ('uz', 'Uzbek'), ('vi', 'Vietnamese'), ('zh-hans', 'Simplified Chinese'), ('zh-hant', 'Traditional Chinese')], 'LANGUAGES_BIDI': ['he', 'ar', 'ar-dz', 'ckb', 'fa', 'ur'], 'LANGUAGE_CODE': 'en-us', 'LANGUAGE_COOKIE_AGE': None, 'LANGUAGE_COOKIE_DOMAIN': None, 'LANGUAGE_COOKIE_HTTPONLY': False, 'LANGUAGE_COOKIE_NAME': 'django_language', 'LANGUAGE_COOKIE_PATH': '/', 'LANGUAGE_COOKIE_SAMESITE': None, 'LANGUAGE_COOKIE_SECURE': False, 'LOCALE_PATHS': [], 'LOGGING': {'version': 1, 'disable_existing_loggers': False, 'handlers': {'file': {'level': 'DEBUG', 'class': 'logging.FileHandler', 'filename': 'logfile.log'}, 'console': {'class': 'logging.StreamHandler'}}, 'loggers': {'django': {'handlers': ['file', 'console'], 'level': 'DEBUG'}}}, 'LOGGING_CONFIG': 'logging.config.dictConfig', 'LOGIN_REDIRECT_URL': '/accounts/profile/', 'LOGIN_URL': '/accounts/login/', 'LOGOUT_REDIRECT_URL': None, 'MANAGERS': [], 'MEDIA_ROOT': '', 'MEDIA_URL': '/', 'MESSAGE_STORAGE': 'django.contrib.messages.storage.fallback.FallbackStorage', 'MIDDLEWARE': ['django.middleware.security.SecurityMiddleware', 'django.contrib.sessions.middleware.SessionMiddleware', 'django.middleware.common.CommonMiddleware', 'django.middleware.csrf.CsrfViewMiddleware', 'django.contrib.auth.middleware.AuthenticationMiddleware', 'django.contrib.messages.middleware.MessageMiddleware', 'django.middleware.clickjacking.XFrameOptionsMiddleware'], 'MIGRATION_MODULES': {}, 'MONTH_DAY_FORMAT': 'F j', 'NUMBER_GROUPING': 0, 'PASSWORD_HASHERS': '********************', 'PASSWORD_RESET_TIMEOUT': '********************', 'PREPEND_WWW': False, 'ROOT_URLCONF': 'mictseta_recruitment_system.urls', 'SECRET_KEY': '********************', 'SECRET_KEY_FALLBACKS': '********************', 'SECURE_CONTENT_TYPE_NOSNIFF': True, 'SECURE_CROSS_ORIGIN_OPENER_POLICY': 'same-origin', 'SECURE_HSTS_INCLUDE_SUBDOMAINS': False, 'SECURE_HSTS_PRELOAD': False, 'SECURE_HSTS_SECONDS': 0, 'SECURE_PROXY_SSL_HEADER': None, 'SECURE_REDIRECT_EXEMPT': [], 'SECURE_REFERRER_POLICY': 'same-origin', 'SECURE_SSL_HOST': None, 'SECURE_SSL_REDIRECT': False, 'SERVER_EMAIL': 'root@localhost', 'SESSION_CACHE_ALIAS': 'default', 'SESSION_COOKIE_AGE': 1209600, 'SESSION_COOKIE_DOMAIN': None, 'SESSION_COOKIE_HTTPONLY': True, 'SESSION_COOKIE_NAME': 'sessionid', 'SESSION_COOKIE_PATH': '/', 'SESSION_COOKIE_SAMESITE': 'Lax', 'SESSION_COOKIE_SECURE': False, 'SESSION_ENGINE': 'django.contrib.sessions.backends.db', 'SESSION_EXPIRE_AT_BROWSER_CLOSE': False, 'SESSION_FILE_PATH': None, 'SESSION_SAVE_EVERY_REQUEST': False, 'SESSION_SERIALIZER': 'django.contrib.sessions.serializers.JSONSerializer', 'SETTINGS_MODULE': 'mictseta_recruitment_system.settings', 'SHORT_DATETIME_FORMAT': 'm/d/Y P', 'SHORT_DATE_FORMAT': 'm/d/Y', 'SIGNING_BACKEND': 'django.core.signing.TimestampSigner', 'SILENCED_SYSTEM_CHECKS': [], 'STATICFILES_DIRS': ['/home/kali/Documents/group/mictseta_recruitment_system/static'], 'STATICFILES_FINDERS': ['django.contrib.staticfiles.finders.FileSystemFinder', 'django.contrib.staticfiles.finders.AppDirectoriesFinder'], 'STATICFILES_STORAGE': 'django.contrib.staticfiles.storage.StaticFilesStorage', 'STATIC_ROOT': None, 'STATIC_URL': '/static/', 'STORAGES': {'default': {'BACKEND': 'django.core.files.storage.FileSystemStorage'}, 'staticfiles': {'BACKEND': 'django.contrib.staticfiles.storage.StaticFilesStorage'}}, 'TEMPLATES': [{'BACKEND': 'django.template.backends.django.DjangoTemplates', 'DIRS': [], 'APP_DIRS': True, 'OPTIONS': {'context_processors': ['django.template.context_processors.debug', 'django.template.context_processors.request', 'django.contrib.auth.context_processors.auth', 'django.contrib.messages.context_processors.messages']}}], 'TEST_NON_SERIALIZED_APPS': [], 'TEST_RUNNER': 'django.test.runner.DiscoverRunner', 'THOUSAND_SEPARATOR': ',', 'TIME_FORMAT': 'P', 'TIME_INPUT_FORMATS': ['%H:%M:%S', '%H:%M:%S.%f', '%H:%M'], 'TIME_ZONE': 'UTC', 'USE_DEPRECATED_PYTZ': False, 'USE_I18N': True, 'USE_L10N': True, 'USE_THOUSAND_SEPARATOR': False, 'USE_TZ': True, 'USE_X_FORWARDED_HOST': False, 'USE_X_FORWARDED_PORT': False, 'WSGI_APPLICATION': 'mictseta_recruitment_system.wsgi.application', 'X_FRAME_OPTIONS': 'DENY', 'YEAR_MONTH_FORMAT': 'F Y'}, 'sys_executable': '/usr/bin/python', 'sys_version_info': '3.11.8', 'server_time': datetime.datetime(2024, 6, 3, 23, 59, 40, 320568, tzinfo=datetime.timezone.utc), 'django_version_info': '4.2.11', 'sys_path': ['/home/kali/Documents/group/mictseta_recruitment_system', '/usr/lib/python311.zip', '/usr/lib/python3.11', '/usr/lib/python3.11/lib-dynload', '/home/kali/.local/lib/python3.11/site-packages', '/usr/local/lib/python3.11/dist-packages', '/usr/lib/python3/dist-packages'], 'template_info': None, 'template_does_not_exist': False, 'postmortem': None, 'request_GET_items': <generator object MultiValueDict.items at 0x7fa780af80>, 'request_FILES_items': <generator object MultiValueDict.items at 0x7fa780b060>, 'request_insecure_uri': 'http://127.0.0.1:8000/auth/sign_in/', 'raising_view_name': 'authenticate.views.sign_in', 'exception_type': 'SMTPAuthenticationError', 'exception_value': "(535, b'5.7.8 Username and Password not accepted. For more information, go to\\n5.7.8  https://support.google.com/mail/?p=BadCredentials 4fb4d7f45d1cf-57a7debbeacsm488945a12.64 - gsmtp')", 'lastframe': {'exc_cause': None, 'exc_cause_explicit': None, 'tb': <traceback object at 0x7fa785f480>, 'type': 'user', 'filename': '/usr/lib/python3.11/smtplib.py', 'function': 'auth', 'lineno': 662, 'vars': [('self', '<smtplib.SMTP object at 0x7fa7864450>'), ('mechanism', "'LOGIN'"), ('authobject', '<bound method SMTP.auth_login of <smtplib.SMTP object at 0x7fa7864450>>'), ('initial_response_ok', 'True'), ('initial_response', "'sixskies25@gmail.com'"), ('response', "'LSxkO0EuO1kzYzRKcl0='"), ('code', '535'), ('resp', "(b'5.7.8 Username and Password not accepted. For more information, go to\\n5.'\n b'7.8  https://support.google.com/mail/?p=BadCredentials 4fb4d7f45d1cf-57a7deb'\n b'beacsm488945a12.64 - gsmtp')"), ('challenge', "b'Password:'")], 'id': 548271420544, 'pre_context': ['            if self._auth_challenge_count > _MAXCHALLENGE:', '                raise SMTPException(', '                    "Server AUTH mechanism infinite loop. Last response: "', '                    + repr((code, resp))', '                )', '        if code in (235, 503):', '            return (code, resp)'], 'context_line': '        raise SMTPAuthenticationError(code, resp)', 'post_context': ['', '    def auth_cram_md5(self, challenge=None):', '        """ Authobject to use with CRAM-MD5 authentication. Requires self.user', '        and self.password to be set."""', '        # CRAM-MD5 does not support initial-response.', '        if challenge is None:'], 'pre_context_lineno': 655, 'colno': '\n             ^^^^^^^^^^^^^^^^^^^^^^^^^^^^^^^^^^^^^^^^^', 'tb_area_colno': '\n    ^^^^^^^^^^^^^^^^^^^^^^^^^^^^^^^^^^^^^^^^^'}}]
Internal Server Error: /auth/sign_in/
Traceback (most recent call last):
  File "/usr/lib/python3/dist-packages/django/core/handlers/exception.py", line 55, in inner
    response = get_response(request)
               ^^^^^^^^^^^^^^^^^^^^^
  File "/usr/lib/python3/dist-packages/django/core/handlers/base.py", line 197, in _get_response
    response = wrapped_callback(request, *callback_args, **callback_kwargs)
               ^^^^^^^^^^^^^^^^^^^^^^^^^^^^^^^^^^^^^^^^^^^^^^^^^^^^^^^^^^^^
  File "/usr/lib/python3/dist-packages/django/views/decorators/csrf.py", line 56, in wrapper_view
    return view_func(*args, **kwargs)
           ^^^^^^^^^^^^^^^^^^^^^^^^^^
  File "/home/kali/Documents/group/mictseta_recruitment_system/authenticate/views.py", line 42, in sign_in
    send_welcome_email('221649921@edu.vut.ac.za')
  File "/home/kali/Documents/group/mictseta_recruitment_system/authenticate/views.py", line 18, in send_welcome_email
    send_mail(subject, message, email_from, recipient_list)
  File "/usr/lib/python3/dist-packages/django/core/mail/__init__.py", line 87, in send_mail
    return mail.send()
           ^^^^^^^^^^^
  File "/usr/lib/python3/dist-packages/django/core/mail/message.py", line 298, in send
    return self.get_connection(fail_silently).send_messages([self])
           ^^^^^^^^^^^^^^^^^^^^^^^^^^^^^^^^^^^^^^^^^^^^^^^^^^^^^^^^
  File "/usr/lib/python3/dist-packages/django/core/mail/backends/smtp.py", line 127, in send_messages
    new_conn_created = self.open()
                       ^^^^^^^^^^^
  File "/usr/lib/python3/dist-packages/django/core/mail/backends/smtp.py", line 94, in open
    self.connection.login(self.username, self.password)
  File "/usr/lib/python3.11/smtplib.py", line 750, in login
    raise last_exception
  File "/usr/lib/python3.11/smtplib.py", line 739, in login
    (code, resp) = self.auth(
                   ^^^^^^^^^^
  File "/usr/lib/python3.11/smtplib.py", line 662, in auth
    raise SMTPAuthenticationError(code, resp)
smtplib.SMTPAuthenticationError: (535, b'5.7.8 Username and Password not accepted. For more information, go to\n5.7.8  https://support.google.com/mail/?p=BadCredentials 4fb4d7f45d1cf-57a7debbeacsm488945a12.64 - gsmtp')
"POST /auth/sign_in/ HTTP/1.1" 500 108080
File /usr/lib/python3/dist-packages/django/conf/locale/en/formats.py first seen with mtime 1709537923.0
File /usr/lib/python3/dist-packages/django/conf/locale/en/__init__.py first seen with mtime 1607634615.0
File /home/kali/Documents/group/mictseta_recruitment_system/authenticate/templates/signin.html previous mtime: 1717455411.6446872, current mtime: 1717459660.7068388
/home/kali/Documents/group/mictseta_recruitment_system/authenticate/templates/signin.html notified as changed. Signal results: [(<function template_changed at 0x7fa9466d40>, True), (<function translation_file_changed at 0x7fa83db6a0>, None)].
File /home/kali/Documents/group/mictseta_recruitment_system/authenticate/templates/signin.html previous mtime: 1717459660.7068388, current mtime: 1717459736.8143153
/home/kali/Documents/group/mictseta_recruitment_system/authenticate/templates/signin.html notified as changed. Signal results: [(<function template_changed at 0x7fa9466d40>, True), (<function translation_file_changed at 0x7fa83db6a0>, None)].
File /home/kali/Documents/group/mictseta_recruitment_system/authenticate/templates/signin.html previous mtime: 1717459736.8143153, current mtime: 1717459977.1526272
/home/kali/Documents/group/mictseta_recruitment_system/authenticate/templates/signin.html notified as changed. Signal results: [(<function template_changed at 0x7fa9466d40>, True), (<function translation_file_changed at 0x7fa83db6a0>, None)].
File /home/kali/Documents/group/mictseta_recruitment_system/authenticate/templates/signin.html previous mtime: 1717459977.1526272, current mtime: 1717460021.7683094
/home/kali/Documents/group/mictseta_recruitment_system/authenticate/templates/signin.html notified as changed. Signal results: [(<function template_changed at 0x7fa9466d40>, True), (<function translation_file_changed at 0x7fa83db6a0>, None)].
File /home/kali/Documents/group/mictseta_recruitment_system/mictseta_recruitment_system/settings.py previous mtime: 1717459138.1501832, current mtime: 1717460079.567896
/home/kali/Documents/group/mictseta_recruitment_system/mictseta_recruitment_system/settings.py notified as changed. Signal results: [(<function template_changed at 0x7fa9466d40>, None), (<function translation_file_changed at 0x7fa83db6a0>, None)].
/home/kali/Documents/group/mictseta_recruitment_system/mictseta_recruitment_system/settings.py changed, reloading.
